This file contains any messages produced by compilers while
running configure, to aid debugging if configure makes a mistake.

It was created by dwmbar configure 1.0.0, which was
generated by GNU Autoconf 2.69.  Invocation command line was

  $ ./configure --prefix=/home/frost/.cache --without-x11 icons=/home/frost/.xmonad/icons --with-mpd

## --------- ##
## Platform. ##
## --------- ##

hostname = localhost
uname -m = x86_64
uname -r = 4.4.15-gentoo
uname -s = Linux
uname -v = #1 SMP Tue Jul 12 11:52:22 CEST 2016

/usr/bin/uname -p = AMD Athlon(tm) II X3 455 Processor
/bin/uname -X     = unknown

/bin/arch              = unknown
/usr/bin/arch -k       = unknown
/usr/convex/getsysinfo = unknown
/usr/bin/hostinfo      = unknown
/bin/machine           = unknown
/usr/bin/oslevel       = unknown
/bin/universe          = unknown

PATH: /usr/local/bin
PATH: /usr/bin
PATH: /bin
PATH: /opt/bin
PATH: /usr/x86_64-pc-linux-gnu/gcc-bin/4.9.3
PATH: /sbin
PATH: /bin
PATH: /usr/sbin
PATH: /usr/bin
PATH: /usr/local/sbin
PATH: /usr/local/bin


## ----------- ##
## Core tests. ##
## ----------- ##

configure:2436: checking for a BSD-compatible install
configure:2504: result: /usr/bin/install -c
configure:2515: checking whether build environment is sane
configure:2570: result: yes
configure:2721: checking for a thread-safe mkdir -p
configure:2760: result: /bin/mkdir -p
configure:2767: checking for gawk
configure:2783: found /usr/bin/gawk
configure:2794: result: gawk
configure:2805: checking whether make sets $(MAKE)
configure:2827: result: yes
configure:2856: checking whether make supports nested variables
configure:2873: result: yes
configure:3002: checking whether make supports nested variables
configure:3019: result: yes
configure:3085: checking for clang
configure:3101: found /usr/bin/clang
configure:3112: result: clang
configure:3143: checking for C compiler version
configure:3152: clang --version >&5
clang version 3.7.1 (tags/RELEASE_371/final)
Target: x86_64-pc-linux-gnu
Thread model: posix
configure:3163: $? = 0
configure:3152: clang -v >&5
clang version 3.7.1 (tags/RELEASE_371/final)
Target: x86_64-pc-linux-gnu
Thread model: posix
Selected GCC installation: /usr/lib/gcc/x86_64-pc-linux-gnu/4.9.3
configure:3163: $? = 0
configure:3152: clang -V >&5
x86_64-pc-linux-gnu-clang-3.7: error: argument to '-V' is missing (expected 1 value)
x86_64-pc-linux-gnu-clang-3.7: error: no input files
configure:3163: $? = 1
configure:3152: clang -qversion >&5
x86_64-pc-linux-gnu-clang-3.7: error: unknown argument: '-qversion'
x86_64-pc-linux-gnu-clang-3.7: error: no input files
configure:3163: $? = 1
configure:3183: checking whether the C compiler works
configure:3205: clang    conftest.c  >&5
configure:3209: $? = 0
configure:3257: result: yes
configure:3260: checking for C compiler default output file name
configure:3262: result: a.out
configure:3268: checking for suffix of executables
configure:3275: clang -o conftest    conftest.c  >&5
configure:3279: $? = 0
configure:3301: result: 
configure:3323: checking whether we are cross compiling
configure:3331: clang -o conftest    conftest.c  >&5
configure:3335: $? = 0
configure:3342: ./conftest
configure:3346: $? = 0
configure:3361: result: no
configure:3366: checking for suffix of object files
configure:3388: clang -c   conftest.c >&5
configure:3392: $? = 0
configure:3413: result: o
configure:3417: checking whether we are using the GNU C compiler
configure:3436: clang -c   conftest.c >&5
configure:3436: $? = 0
configure:3445: result: yes
configure:3454: checking whether clang accepts -g
configure:3474: clang -c -g  conftest.c >&5
configure:3474: $? = 0
configure:3515: result: yes
configure:3532: checking for clang option to accept ISO C89
configure:3595: clang  -c -g -O2  conftest.c >&5
configure:3595: $? = 0
configure:3608: result: none needed
configure:3633: checking whether clang understands -c and -o together
configure:3655: clang -c conftest.c -o conftest2.o
configure:3658: $? = 0
configure:3655: clang -c conftest.c -o conftest2.o
configure:3658: $? = 0
configure:3670: result: yes
configure:3698: checking for style of include used by make
configure:3726: result: GNU
configure:3752: checking dependency style of clang
configure:3863: result: gcc3
configure:3878: checking for clang option to accept ISO C99
configure:4027: clang  -c -g -O2  conftest.c >&5
configure:4027: $? = 0
configure:4040: result: none needed
configure:4056: checking for an ANSI C-conforming const
configure:4122: clang -c -g -O2  conftest.c >&5
configure:4122: $? = 0
configure:4129: result: yes
configure:4142: checking how to run the C preprocessor
configure:4173: clang -E  conftest.c
configure:4173: $? = 0
configure:4187: clang -E  conftest.c
conftest.c:9:10: fatal error: 'ac_nonexistent.h' file not found
#include <ac_nonexistent.h>
         ^
1 error generated.
configure:4187: $? = 1
configure: failed program was:
| /* confdefs.h */
| #define PACKAGE_NAME "dwmbar"
| #define PACKAGE_TARNAME "dwmbar"
| #define PACKAGE_VERSION "1.0.0"
| #define PACKAGE_STRING "dwmbar 1.0.0"
| #define PACKAGE_BUGREPORT ""
| #define PACKAGE_URL ""
| /* end confdefs.h.  */
| #include <ac_nonexistent.h>
configure:4212: result: clang -E
configure:4232: clang -E  conftest.c
configure:4232: $? = 0
configure:4246: clang -E  conftest.c
conftest.c:9:10: fatal error: 'ac_nonexistent.h' file not found
#include <ac_nonexistent.h>
         ^
1 error generated.
configure:4246: $? = 1
configure: failed program was:
| /* confdefs.h */
| #define PACKAGE_NAME "dwmbar"
| #define PACKAGE_TARNAME "dwmbar"
| #define PACKAGE_VERSION "1.0.0"
| #define PACKAGE_STRING "dwmbar 1.0.0"
| #define PACKAGE_BUGREPORT ""
| #define PACKAGE_URL ""
| /* end confdefs.h.  */
| #include <ac_nonexistent.h>
configure:4275: checking for grep that handles long lines and -e
configure:4333: result: /bin/grep
configure:4338: checking for egrep
configure:4400: result: /bin/grep -E
configure:4405: checking for ANSI C header files
configure:4425: clang -c -g -O2  conftest.c >&5
configure:4425: $? = 0
configure:4498: clang -o conftest -g -O2   conftest.c  >&5
configure:4498: $? = 0
configure:4498: ./conftest
configure:4498: $? = 0
configure:4509: result: yes
configure:4525: checking for sys/types.h
configure:4525: clang -c -g -O2  conftest.c >&5
configure:4525: $? = 0
configure:4525: result: yes
configure:4525: checking for sys/stat.h
configure:4525: clang -c -g -O2  conftest.c >&5
configure:4525: $? = 0
configure:4525: result: yes
configure:4525: checking for stdlib.h
configure:4525: clang -c -g -O2  conftest.c >&5
configure:4525: $? = 0
configure:4525: result: yes
configure:4525: checking for string.h
configure:4525: clang -c -g -O2  conftest.c >&5
configure:4525: $? = 0
configure:4525: result: yes
configure:4525: checking for memory.h
configure:4525: clang -c -g -O2  conftest.c >&5
configure:4525: $? = 0
configure:4525: result: yes
configure:4525: checking for strings.h
configure:4525: clang -c -g -O2  conftest.c >&5
configure:4525: $? = 0
configure:4525: result: yes
configure:4525: checking for inttypes.h
configure:4525: clang -c -g -O2  conftest.c >&5
configure:4525: $? = 0
configure:4525: result: yes
configure:4525: checking for stdint.h
configure:4525: clang -c -g -O2  conftest.c >&5
configure:4525: $? = 0
configure:4525: result: yes
configure:4525: checking for unistd.h
configure:4525: clang -c -g -O2  conftest.c >&5
configure:4525: $? = 0
configure:4525: result: yes
configure:4607: checking alsa/asoundlib.h usability
configure:4607: clang -c -g -O2  conftest.c >&5
configure:4607: $? = 0
configure:4607: result: yes
configure:4607: checking alsa/asoundlib.h presence
configure:4607: clang -E  conftest.c
configure:4607: $? = 0
configure:4607: result: yes
configure:4607: checking for alsa/asoundlib.h
configure:4607: result: yes
configure:4645: checking mpd/client.h usability
configure:4645: clang -c -g -O2  conftest.c >&5
configure:4645: $? = 0
configure:4645: result: yes
configure:4645: checking mpd/client.h presence
configure:4645: clang -E  conftest.c
configure:4645: $? = 0
configure:4645: result: yes
configure:4645: checking for mpd/client.h
configure:4645: result: yes
configure:4673: checking for size_t
configure:4673: clang -c -g -O2  conftest.c >&5
configure:4673: $? = 0
configure:4673: clang -c -g -O2  conftest.c >&5
conftest.c:57:21: error: expected expression
if (sizeof ((size_t)))
                    ^
1 error generated.
configure:4673: $? = 1
configure: failed program was:
| /* confdefs.h */
| #define PACKAGE_NAME "dwmbar"
| #define PACKAGE_TARNAME "dwmbar"
| #define PACKAGE_VERSION "1.0.0"
| #define PACKAGE_STRING "dwmbar 1.0.0"
| #define PACKAGE_BUGREPORT ""
| #define PACKAGE_URL ""
| #define STDC_HEADERS 1
| #define HAVE_SYS_TYPES_H 1
| #define HAVE_SYS_STAT_H 1
| #define HAVE_STDLIB_H 1
| #define HAVE_STRING_H 1
| #define HAVE_MEMORY_H 1
| #define HAVE_STRINGS_H 1
| #define HAVE_INTTYPES_H 1
| #define HAVE_STDINT_H 1
| #define HAVE_UNISTD_H 1
| #define HAVE_ALSA_ASOUNDLIB_H 1
| #define HAVE_MPD_CLIENT_H 1
| /* end confdefs.h.  */
| #include <stdio.h>
| #ifdef HAVE_SYS_TYPES_H
| # include <sys/types.h>
| #endif
| #ifdef HAVE_SYS_STAT_H
| # include <sys/stat.h>
| #endif
| #ifdef STDC_HEADERS
| # include <stdlib.h>
| # include <stddef.h>
| #else
| # ifdef HAVE_STDLIB_H
| #  include <stdlib.h>
| # endif
| #endif
| #ifdef HAVE_STRING_H
| # if !defined STDC_HEADERS && defined HAVE_MEMORY_H
| #  include <memory.h>
| # endif
| # include <string.h>
| #endif
| #ifdef HAVE_STRINGS_H
| # include <strings.h>
| #endif
| #ifdef HAVE_INTTYPES_H
| # include <inttypes.h>
| #endif
| #ifdef HAVE_STDINT_H
| # include <stdint.h>
| #endif
| #ifdef HAVE_UNISTD_H
| # include <unistd.h>
| #endif
| int
| main ()
| {
| if (sizeof ((size_t)))
| 	    return 0;
|   ;
|   return 0;
| }
configure:4673: result: yes
configure:5782: checking for time_t
configure:5782: clang -c -g -O2  conftest.c >&5
configure:5782: $? = 0
configure:5782: clang -c -g -O2  conftest.c >&5
conftest.c:58:21: error: expected expression
if (sizeof ((time_t)))
                    ^
1 error generated.
configure:5782: $? = 1
configure: failed program was:
| /* confdefs.h */
| #define PACKAGE_NAME "dwmbar"
| #define PACKAGE_TARNAME "dwmbar"
| #define PACKAGE_VERSION "1.0.0"
| #define PACKAGE_STRING "dwmbar 1.0.0"
| #define PACKAGE_BUGREPORT ""
| #define PACKAGE_URL ""
| #define STDC_HEADERS 1
| #define HAVE_SYS_TYPES_H 1
| #define HAVE_SYS_STAT_H 1
| #define HAVE_STDLIB_H 1
| #define HAVE_STRING_H 1
| #define HAVE_MEMORY_H 1
| #define HAVE_STRINGS_H 1
| #define HAVE_INTTYPES_H 1
| #define HAVE_STDINT_H 1
| #define HAVE_UNISTD_H 1
| #define HAVE_ALSA_ASOUNDLIB_H 1
| #define HAVE_MPD_CLIENT_H 1
| #define HAVE_SIZE_T 1
| /* end confdefs.h.  */
| #include <stdio.h>
| #ifdef HAVE_SYS_TYPES_H
| # include <sys/types.h>
| #endif
| #ifdef HAVE_SYS_STAT_H
| # include <sys/stat.h>
| #endif
| #ifdef STDC_HEADERS
| # include <stdlib.h>
| # include <stddef.h>
| #else
| # ifdef HAVE_STDLIB_H
| #  include <stdlib.h>
| # endif
| #endif
| #ifdef HAVE_STRING_H
| # if !defined STDC_HEADERS && defined HAVE_MEMORY_H
| #  include <memory.h>
| # endif
| # include <string.h>
| #endif
| #ifdef HAVE_STRINGS_H
| # include <strings.h>
| #endif
| #ifdef HAVE_INTTYPES_H
| # include <inttypes.h>
| #endif
| #ifdef HAVE_STDINT_H
| # include <stdint.h>
| #endif
| #ifdef HAVE_UNISTD_H
| # include <unistd.h>
| #endif
| int
| main ()
| {
| if (sizeof ((time_t)))
| 	    return 0;
|   ;
|   return 0;
| }
configure:5782: result: yes
configure:6891: checking for float
configure:6891: clang -c -g -O2  conftest.c >&5
configure:6891: $? = 0
configure:6891: clang -c -g -O2  conftest.c >&5
conftest.c:59:20: error: expected expression
if (sizeof ((float)))
                   ^
1 error generated.
configure:6891: $? = 1
configure: failed program was:
| /* confdefs.h */
| #define PACKAGE_NAME "dwmbar"
| #define PACKAGE_TARNAME "dwmbar"
| #define PACKAGE_VERSION "1.0.0"
| #define PACKAGE_STRING "dwmbar 1.0.0"
| #define PACKAGE_BUGREPORT ""
| #define PACKAGE_URL ""
| #define STDC_HEADERS 1
| #define HAVE_SYS_TYPES_H 1
| #define HAVE_SYS_STAT_H 1
| #define HAVE_STDLIB_H 1
| #define HAVE_STRING_H 1
| #define HAVE_MEMORY_H 1
| #define HAVE_STRINGS_H 1
| #define HAVE_INTTYPES_H 1
| #define HAVE_STDINT_H 1
| #define HAVE_UNISTD_H 1
| #define HAVE_ALSA_ASOUNDLIB_H 1
| #define HAVE_MPD_CLIENT_H 1
| #define HAVE_SIZE_T 1
| #define HAVE_TIME_T 1
| /* end confdefs.h.  */
| #include <stdio.h>
| #ifdef HAVE_SYS_TYPES_H
| # include <sys/types.h>
| #endif
| #ifdef HAVE_SYS_STAT_H
| # include <sys/stat.h>
| #endif
| #ifdef STDC_HEADERS
| # include <stdlib.h>
| # include <stddef.h>
| #else
| # ifdef HAVE_STDLIB_H
| #  include <stdlib.h>
| # endif
| #endif
| #ifdef HAVE_STRING_H
| # if !defined STDC_HEADERS && defined HAVE_MEMORY_H
| #  include <memory.h>
| # endif
| # include <string.h>
| #endif
| #ifdef HAVE_STRINGS_H
| # include <strings.h>
| #endif
| #ifdef HAVE_INTTYPES_H
| # include <inttypes.h>
| #endif
| #ifdef HAVE_STDINT_H
| # include <stdint.h>
| #endif
| #ifdef HAVE_UNISTD_H
| # include <unistd.h>
| #endif
| int
| main ()
| {
| if (sizeof ((float)))
| 	    return 0;
|   ;
|   return 0;
| }
configure:6891: result: yes
configure:8000: checking for double
configure:8000: clang -c -g -O2  conftest.c >&5
configure:8000: $? = 0
configure:8000: clang -c -g -O2  conftest.c >&5
conftest.c:60:21: error: expected expression
if (sizeof ((double)))
                    ^
1 error generated.
configure:8000: $? = 1
configure: failed program was:
| /* confdefs.h */
| #define PACKAGE_NAME "dwmbar"
| #define PACKAGE_TARNAME "dwmbar"
| #define PACKAGE_VERSION "1.0.0"
| #define PACKAGE_STRING "dwmbar 1.0.0"
| #define PACKAGE_BUGREPORT ""
| #define PACKAGE_URL ""
| #define STDC_HEADERS 1
| #define HAVE_SYS_TYPES_H 1
| #define HAVE_SYS_STAT_H 1
| #define HAVE_STDLIB_H 1
| #define HAVE_STRING_H 1
| #define HAVE_MEMORY_H 1
| #define HAVE_STRINGS_H 1
| #define HAVE_INTTYPES_H 1
| #define HAVE_STDINT_H 1
| #define HAVE_UNISTD_H 1
| #define HAVE_ALSA_ASOUNDLIB_H 1
| #define HAVE_MPD_CLIENT_H 1
| #define HAVE_SIZE_T 1
| #define HAVE_TIME_T 1
| #define HAVE_FLOAT 1
| /* end confdefs.h.  */
| #include <stdio.h>
| #ifdef HAVE_SYS_TYPES_H
| # include <sys/types.h>
| #endif
| #ifdef HAVE_SYS_STAT_H
| # include <sys/stat.h>
| #endif
| #ifdef STDC_HEADERS
| # include <stdlib.h>
| # include <stddef.h>
| #else
| # ifdef HAVE_STDLIB_H
| #  include <stdlib.h>
| # endif
| #endif
| #ifdef HAVE_STRING_H
| # if !defined STDC_HEADERS && defined HAVE_MEMORY_H
| #  include <memory.h>
| # endif
| # include <string.h>
| #endif
| #ifdef HAVE_STRINGS_H
| # include <strings.h>
| #endif
| #ifdef HAVE_INTTYPES_H
| # include <inttypes.h>
| #endif
| #ifdef HAVE_STDINT_H
| # include <stdint.h>
| #endif
| #ifdef HAVE_UNISTD_H
| # include <unistd.h>
| #endif
| int
| main ()
| {
| if (sizeof ((double)))
| 	    return 0;
|   ;
|   return 0;
| }
configure:8000: result: yes
configure:9109: checking for signed char
configure:9109: clang -c -g -O2  conftest.c >&5
configure:9109: $? = 0
configure:9109: clang -c -g -O2  conftest.c >&5
conftest.c:61:26: error: expected expression
if (sizeof ((signed char)))
                         ^
1 error generated.
configure:9109: $? = 1
configure: failed program was:
| /* confdefs.h */
| #define PACKAGE_NAME "dwmbar"
| #define PACKAGE_TARNAME "dwmbar"
| #define PACKAGE_VERSION "1.0.0"
| #define PACKAGE_STRING "dwmbar 1.0.0"
| #define PACKAGE_BUGREPORT ""
| #define PACKAGE_URL ""
| #define STDC_HEADERS 1
| #define HAVE_SYS_TYPES_H 1
| #define HAVE_SYS_STAT_H 1
| #define HAVE_STDLIB_H 1
| #define HAVE_STRING_H 1
| #define HAVE_MEMORY_H 1
| #define HAVE_STRINGS_H 1
| #define HAVE_INTTYPES_H 1
| #define HAVE_STDINT_H 1
| #define HAVE_UNISTD_H 1
| #define HAVE_ALSA_ASOUNDLIB_H 1
| #define HAVE_MPD_CLIENT_H 1
| #define HAVE_SIZE_T 1
| #define HAVE_TIME_T 1
| #define HAVE_FLOAT 1
| #define HAVE_DOUBLE 1
| /* end confdefs.h.  */
| #include <stdio.h>
| #ifdef HAVE_SYS_TYPES_H
| # include <sys/types.h>
| #endif
| #ifdef HAVE_SYS_STAT_H
| # include <sys/stat.h>
| #endif
| #ifdef STDC_HEADERS
| # include <stdlib.h>
| # include <stddef.h>
| #else
| # ifdef HAVE_STDLIB_H
| #  include <stdlib.h>
| # endif
| #endif
| #ifdef HAVE_STRING_H
| # if !defined STDC_HEADERS && defined HAVE_MEMORY_H
| #  include <memory.h>
| # endif
| # include <string.h>
| #endif
| #ifdef HAVE_STRINGS_H
| # include <strings.h>
| #endif
| #ifdef HAVE_INTTYPES_H
| # include <inttypes.h>
| #endif
| #ifdef HAVE_STDINT_H
| # include <stdint.h>
| #endif
| #ifdef HAVE_UNISTD_H
| # include <unistd.h>
| #endif
| int
| main ()
| {
| if (sizeof ((signed char)))
| 	    return 0;
|   ;
|   return 0;
| }
configure:9109: result: yes
configure:10218: checking for unsigned char
configure:10218: clang -c -g -O2  conftest.c >&5
configure:10218: $? = 0
configure:10218: clang -c -g -O2  conftest.c >&5
conftest.c:62:28: error: expected expression
if (sizeof ((unsigned char)))
                           ^
1 error generated.
configure:10218: $? = 1
configure: failed program was:
| /* confdefs.h */
| #define PACKAGE_NAME "dwmbar"
| #define PACKAGE_TARNAME "dwmbar"
| #define PACKAGE_VERSION "1.0.0"
| #define PACKAGE_STRING "dwmbar 1.0.0"
| #define PACKAGE_BUGREPORT ""
| #define PACKAGE_URL ""
| #define STDC_HEADERS 1
| #define HAVE_SYS_TYPES_H 1
| #define HAVE_SYS_STAT_H 1
| #define HAVE_STDLIB_H 1
| #define HAVE_STRING_H 1
| #define HAVE_MEMORY_H 1
| #define HAVE_STRINGS_H 1
| #define HAVE_INTTYPES_H 1
| #define HAVE_STDINT_H 1
| #define HAVE_UNISTD_H 1
| #define HAVE_ALSA_ASOUNDLIB_H 1
| #define HAVE_MPD_CLIENT_H 1
| #define HAVE_SIZE_T 1
| #define HAVE_TIME_T 1
| #define HAVE_FLOAT 1
| #define HAVE_DOUBLE 1
| #define HAVE_SIGNED_CHAR 1
| /* end confdefs.h.  */
| #include <stdio.h>
| #ifdef HAVE_SYS_TYPES_H
| # include <sys/types.h>
| #endif
| #ifdef HAVE_SYS_STAT_H
| # include <sys/stat.h>
| #endif
| #ifdef STDC_HEADERS
| # include <stdlib.h>
| # include <stddef.h>
| #else
| # ifdef HAVE_STDLIB_H
| #  include <stdlib.h>
| # endif
| #endif
| #ifdef HAVE_STRING_H
| # if !defined STDC_HEADERS && defined HAVE_MEMORY_H
| #  include <memory.h>
| # endif
| # include <string.h>
| #endif
| #ifdef HAVE_STRINGS_H
| # include <strings.h>
| #endif
| #ifdef HAVE_INTTYPES_H
| # include <inttypes.h>
| #endif
| #ifdef HAVE_STDINT_H
| # include <stdint.h>
| #endif
| #ifdef HAVE_UNISTD_H
| # include <unistd.h>
| #endif
| int
| main ()
| {
| if (sizeof ((unsigned char)))
| 	    return 0;
|   ;
|   return 0;
| }
configure:10218: result: yes
configure:11327: checking for signed short int
configure:11327: clang -c -g -O2  conftest.c >&5
configure:11327: $? = 0
configure:11327: clang -c -g -O2  conftest.c >&5
conftest.c:63:31: error: expected expression
if (sizeof ((signed short int)))
                              ^
1 error generated.
configure:11327: $? = 1
configure: failed program was:
| /* confdefs.h */
| #define PACKAGE_NAME "dwmbar"
| #define PACKAGE_TARNAME "dwmbar"
| #define PACKAGE_VERSION "1.0.0"
| #define PACKAGE_STRING "dwmbar 1.0.0"
| #define PACKAGE_BUGREPORT ""
| #define PACKAGE_URL ""
| #define STDC_HEADERS 1
| #define HAVE_SYS_TYPES_H 1
| #define HAVE_SYS_STAT_H 1
| #define HAVE_STDLIB_H 1
| #define HAVE_STRING_H 1
| #define HAVE_MEMORY_H 1
| #define HAVE_STRINGS_H 1
| #define HAVE_INTTYPES_H 1
| #define HAVE_STDINT_H 1
| #define HAVE_UNISTD_H 1
| #define HAVE_ALSA_ASOUNDLIB_H 1
| #define HAVE_MPD_CLIENT_H 1
| #define HAVE_SIZE_T 1
| #define HAVE_TIME_T 1
| #define HAVE_FLOAT 1
| #define HAVE_DOUBLE 1
| #define HAVE_SIGNED_CHAR 1
| #define HAVE_UNSIGNED_CHAR 1
| /* end confdefs.h.  */
| #include <stdio.h>
| #ifdef HAVE_SYS_TYPES_H
| # include <sys/types.h>
| #endif
| #ifdef HAVE_SYS_STAT_H
| # include <sys/stat.h>
| #endif
| #ifdef STDC_HEADERS
| # include <stdlib.h>
| # include <stddef.h>
| #else
| # ifdef HAVE_STDLIB_H
| #  include <stdlib.h>
| # endif
| #endif
| #ifdef HAVE_STRING_H
| # if !defined STDC_HEADERS && defined HAVE_MEMORY_H
| #  include <memory.h>
| # endif
| # include <string.h>
| #endif
| #ifdef HAVE_STRINGS_H
| # include <strings.h>
| #endif
| #ifdef HAVE_INTTYPES_H
| # include <inttypes.h>
| #endif
| #ifdef HAVE_STDINT_H
| # include <stdint.h>
| #endif
| #ifdef HAVE_UNISTD_H
| # include <unistd.h>
| #endif
| int
| main ()
| {
| if (sizeof ((signed short int)))
| 	    return 0;
|   ;
|   return 0;
| }
configure:11327: result: yes
configure:12436: checking for int8_t
configure:12436: clang -c -g -O2  conftest.c >&5
configure:12436: $? = 0
configure:12436: clang -c -g -O2  conftest.c >&5
conftest.c:64:21: error: expected expression
if (sizeof ((int8_t)))
                    ^
1 error generated.
configure:12436: $? = 1
configure: failed program was:
| /* confdefs.h */
| #define PACKAGE_NAME "dwmbar"
| #define PACKAGE_TARNAME "dwmbar"
| #define PACKAGE_VERSION "1.0.0"
| #define PACKAGE_STRING "dwmbar 1.0.0"
| #define PACKAGE_BUGREPORT ""
| #define PACKAGE_URL ""
| #define STDC_HEADERS 1
| #define HAVE_SYS_TYPES_H 1
| #define HAVE_SYS_STAT_H 1
| #define HAVE_STDLIB_H 1
| #define HAVE_STRING_H 1
| #define HAVE_MEMORY_H 1
| #define HAVE_STRINGS_H 1
| #define HAVE_INTTYPES_H 1
| #define HAVE_STDINT_H 1
| #define HAVE_UNISTD_H 1
| #define HAVE_ALSA_ASOUNDLIB_H 1
| #define HAVE_MPD_CLIENT_H 1
| #define HAVE_SIZE_T 1
| #define HAVE_TIME_T 1
| #define HAVE_FLOAT 1
| #define HAVE_DOUBLE 1
| #define HAVE_SIGNED_CHAR 1
| #define HAVE_UNSIGNED_CHAR 1
| #define HAVE_SIGNED_SHORT_INT 1
| /* end confdefs.h.  */
| #include <stdio.h>
| #ifdef HAVE_SYS_TYPES_H
| # include <sys/types.h>
| #endif
| #ifdef HAVE_SYS_STAT_H
| # include <sys/stat.h>
| #endif
| #ifdef STDC_HEADERS
| # include <stdlib.h>
| # include <stddef.h>
| #else
| # ifdef HAVE_STDLIB_H
| #  include <stdlib.h>
| # endif
| #endif
| #ifdef HAVE_STRING_H
| # if !defined STDC_HEADERS && defined HAVE_MEMORY_H
| #  include <memory.h>
| # endif
| # include <string.h>
| #endif
| #ifdef HAVE_STRINGS_H
| # include <strings.h>
| #endif
| #ifdef HAVE_INTTYPES_H
| # include <inttypes.h>
| #endif
| #ifdef HAVE_STDINT_H
| # include <stdint.h>
| #endif
| #ifdef HAVE_UNISTD_H
| # include <unistd.h>
| #endif
| int
| main ()
| {
| if (sizeof ((int8_t)))
| 	    return 0;
|   ;
|   return 0;
| }
configure:12436: result: yes
configure:13545: checking for signed int
configure:13545: clang -c -g -O2  conftest.c >&5
configure:13545: $? = 0
configure:13545: clang -c -g -O2  conftest.c >&5
conftest.c:65:25: error: expected expression
if (sizeof ((signed int)))
                        ^
1 error generated.
configure:13545: $? = 1
configure: failed program was:
| /* confdefs.h */
| #define PACKAGE_NAME "dwmbar"
| #define PACKAGE_TARNAME "dwmbar"
| #define PACKAGE_VERSION "1.0.0"
| #define PACKAGE_STRING "dwmbar 1.0.0"
| #define PACKAGE_BUGREPORT ""
| #define PACKAGE_URL ""
| #define STDC_HEADERS 1
| #define HAVE_SYS_TYPES_H 1
| #define HAVE_SYS_STAT_H 1
| #define HAVE_STDLIB_H 1
| #define HAVE_STRING_H 1
| #define HAVE_MEMORY_H 1
| #define HAVE_STRINGS_H 1
| #define HAVE_INTTYPES_H 1
| #define HAVE_STDINT_H 1
| #define HAVE_UNISTD_H 1
| #define HAVE_ALSA_ASOUNDLIB_H 1
| #define HAVE_MPD_CLIENT_H 1
| #define HAVE_SIZE_T 1
| #define HAVE_TIME_T 1
| #define HAVE_FLOAT 1
| #define HAVE_DOUBLE 1
| #define HAVE_SIGNED_CHAR 1
| #define HAVE_UNSIGNED_CHAR 1
| #define HAVE_SIGNED_SHORT_INT 1
| #define HAVE_INT8_T 1
| /* end confdefs.h.  */
| #include <stdio.h>
| #ifdef HAVE_SYS_TYPES_H
| # include <sys/types.h>
| #endif
| #ifdef HAVE_SYS_STAT_H
| # include <sys/stat.h>
| #endif
| #ifdef STDC_HEADERS
| # include <stdlib.h>
| # include <stddef.h>
| #else
| # ifdef HAVE_STDLIB_H
| #  include <stdlib.h>
| # endif
| #endif
| #ifdef HAVE_STRING_H
| # if !defined STDC_HEADERS && defined HAVE_MEMORY_H
| #  include <memory.h>
| # endif
| # include <string.h>
| #endif
| #ifdef HAVE_STRINGS_H
| # include <strings.h>
| #endif
| #ifdef HAVE_INTTYPES_H
| # include <inttypes.h>
| #endif
| #ifdef HAVE_STDINT_H
| # include <stdint.h>
| #endif
| #ifdef HAVE_UNISTD_H
| # include <unistd.h>
| #endif
| int
| main ()
| {
| if (sizeof ((signed int)))
| 	    return 0;
|   ;
|   return 0;
| }
configure:13545: result: yes
configure:14654: checking for int16_t
configure:14654: clang -c -g -O2  conftest.c >&5
configure:14654: $? = 0
configure:14654: clang -c -g -O2  conftest.c >&5
conftest.c:66:22: error: expected expression
if (sizeof ((int16_t)))
                     ^
1 error generated.
configure:14654: $? = 1
configure: failed program was:
| /* confdefs.h */
| #define PACKAGE_NAME "dwmbar"
| #define PACKAGE_TARNAME "dwmbar"
| #define PACKAGE_VERSION "1.0.0"
| #define PACKAGE_STRING "dwmbar 1.0.0"
| #define PACKAGE_BUGREPORT ""
| #define PACKAGE_URL ""
| #define STDC_HEADERS 1
| #define HAVE_SYS_TYPES_H 1
| #define HAVE_SYS_STAT_H 1
| #define HAVE_STDLIB_H 1
| #define HAVE_STRING_H 1
| #define HAVE_MEMORY_H 1
| #define HAVE_STRINGS_H 1
| #define HAVE_INTTYPES_H 1
| #define HAVE_STDINT_H 1
| #define HAVE_UNISTD_H 1
| #define HAVE_ALSA_ASOUNDLIB_H 1
| #define HAVE_MPD_CLIENT_H 1
| #define HAVE_SIZE_T 1
| #define HAVE_TIME_T 1
| #define HAVE_FLOAT 1
| #define HAVE_DOUBLE 1
| #define HAVE_SIGNED_CHAR 1
| #define HAVE_UNSIGNED_CHAR 1
| #define HAVE_SIGNED_SHORT_INT 1
| #define HAVE_INT8_T 1
| #define HAVE_SIGNED_INT 1
| /* end confdefs.h.  */
| #include <stdio.h>
| #ifdef HAVE_SYS_TYPES_H
| # include <sys/types.h>
| #endif
| #ifdef HAVE_SYS_STAT_H
| # include <sys/stat.h>
| #endif
| #ifdef STDC_HEADERS
| # include <stdlib.h>
| # include <stddef.h>
| #else
| # ifdef HAVE_STDLIB_H
| #  include <stdlib.h>
| # endif
| #endif
| #ifdef HAVE_STRING_H
| # if !defined STDC_HEADERS && defined HAVE_MEMORY_H
| #  include <memory.h>
| # endif
| # include <string.h>
| #endif
| #ifdef HAVE_STRINGS_H
| # include <strings.h>
| #endif
| #ifdef HAVE_INTTYPES_H
| # include <inttypes.h>
| #endif
| #ifdef HAVE_STDINT_H
| # include <stdint.h>
| #endif
| #ifdef HAVE_UNISTD_H
| # include <unistd.h>
| #endif
| int
| main ()
| {
| if (sizeof ((int16_t)))
| 	    return 0;
|   ;
|   return 0;
| }
configure:14654: result: yes
configure:15763: checking for signed long int
configure:15763: clang -c -g -O2  conftest.c >&5
configure:15763: $? = 0
configure:15763: clang -c -g -O2  conftest.c >&5
conftest.c:67:30: error: expected expression
if (sizeof ((signed long int)))
                             ^
1 error generated.
configure:15763: $? = 1
configure: failed program was:
| /* confdefs.h */
| #define PACKAGE_NAME "dwmbar"
| #define PACKAGE_TARNAME "dwmbar"
| #define PACKAGE_VERSION "1.0.0"
| #define PACKAGE_STRING "dwmbar 1.0.0"
| #define PACKAGE_BUGREPORT ""
| #define PACKAGE_URL ""
| #define STDC_HEADERS 1
| #define HAVE_SYS_TYPES_H 1
| #define HAVE_SYS_STAT_H 1
| #define HAVE_STDLIB_H 1
| #define HAVE_STRING_H 1
| #define HAVE_MEMORY_H 1
| #define HAVE_STRINGS_H 1
| #define HAVE_INTTYPES_H 1
| #define HAVE_STDINT_H 1
| #define HAVE_UNISTD_H 1
| #define HAVE_ALSA_ASOUNDLIB_H 1
| #define HAVE_MPD_CLIENT_H 1
| #define HAVE_SIZE_T 1
| #define HAVE_TIME_T 1
| #define HAVE_FLOAT 1
| #define HAVE_DOUBLE 1
| #define HAVE_SIGNED_CHAR 1
| #define HAVE_UNSIGNED_CHAR 1
| #define HAVE_SIGNED_SHORT_INT 1
| #define HAVE_INT8_T 1
| #define HAVE_SIGNED_INT 1
| #define HAVE_INT16_T 1
| /* end confdefs.h.  */
| #include <stdio.h>
| #ifdef HAVE_SYS_TYPES_H
| # include <sys/types.h>
| #endif
| #ifdef HAVE_SYS_STAT_H
| # include <sys/stat.h>
| #endif
| #ifdef STDC_HEADERS
| # include <stdlib.h>
| # include <stddef.h>
| #else
| # ifdef HAVE_STDLIB_H
| #  include <stdlib.h>
| # endif
| #endif
| #ifdef HAVE_STRING_H
| # if !defined STDC_HEADERS && defined HAVE_MEMORY_H
| #  include <memory.h>
| # endif
| # include <string.h>
| #endif
| #ifdef HAVE_STRINGS_H
| # include <strings.h>
| #endif
| #ifdef HAVE_INTTYPES_H
| # include <inttypes.h>
| #endif
| #ifdef HAVE_STDINT_H
| # include <stdint.h>
| #endif
| #ifdef HAVE_UNISTD_H
| # include <unistd.h>
| #endif
| int
| main ()
| {
| if (sizeof ((signed long int)))
| 	    return 0;
|   ;
|   return 0;
| }
configure:15763: result: yes
configure:16872: checking for int32_t
configure:16872: clang -c -g -O2  conftest.c >&5
configure:16872: $? = 0
configure:16872: clang -c -g -O2  conftest.c >&5
conftest.c:68:22: error: expected expression
if (sizeof ((int32_t)))
                     ^
1 error generated.
configure:16872: $? = 1
configure: failed program was:
| /* confdefs.h */
| #define PACKAGE_NAME "dwmbar"
| #define PACKAGE_TARNAME "dwmbar"
| #define PACKAGE_VERSION "1.0.0"
| #define PACKAGE_STRING "dwmbar 1.0.0"
| #define PACKAGE_BUGREPORT ""
| #define PACKAGE_URL ""
| #define STDC_HEADERS 1
| #define HAVE_SYS_TYPES_H 1
| #define HAVE_SYS_STAT_H 1
| #define HAVE_STDLIB_H 1
| #define HAVE_STRING_H 1
| #define HAVE_MEMORY_H 1
| #define HAVE_STRINGS_H 1
| #define HAVE_INTTYPES_H 1
| #define HAVE_STDINT_H 1
| #define HAVE_UNISTD_H 1
| #define HAVE_ALSA_ASOUNDLIB_H 1
| #define HAVE_MPD_CLIENT_H 1
| #define HAVE_SIZE_T 1
| #define HAVE_TIME_T 1
| #define HAVE_FLOAT 1
| #define HAVE_DOUBLE 1
| #define HAVE_SIGNED_CHAR 1
| #define HAVE_UNSIGNED_CHAR 1
| #define HAVE_SIGNED_SHORT_INT 1
| #define HAVE_INT8_T 1
| #define HAVE_SIGNED_INT 1
| #define HAVE_INT16_T 1
| #define HAVE_SIGNED_LONG_INT 1
| /* end confdefs.h.  */
| #include <stdio.h>
| #ifdef HAVE_SYS_TYPES_H
| # include <sys/types.h>
| #endif
| #ifdef HAVE_SYS_STAT_H
| # include <sys/stat.h>
| #endif
| #ifdef STDC_HEADERS
| # include <stdlib.h>
| # include <stddef.h>
| #else
| # ifdef HAVE_STDLIB_H
| #  include <stdlib.h>
| # endif
| #endif
| #ifdef HAVE_STRING_H
| # if !defined STDC_HEADERS && defined HAVE_MEMORY_H
| #  include <memory.h>
| # endif
| # include <string.h>
| #endif
| #ifdef HAVE_STRINGS_H
| # include <strings.h>
| #endif
| #ifdef HAVE_INTTYPES_H
| # include <inttypes.h>
| #endif
| #ifdef HAVE_STDINT_H
| # include <stdint.h>
| #endif
| #ifdef HAVE_UNISTD_H
| # include <unistd.h>
| #endif
| int
| main ()
| {
| if (sizeof ((int32_t)))
| 	    return 0;
|   ;
|   return 0;
| }
configure:16872: result: yes
configure:17981: checking for intmax_t
configure:17981: clang -c -g -O2  conftest.c >&5
configure:17981: $? = 0
configure:17981: clang -c -g -O2  conftest.c >&5
conftest.c:69:23: error: expected expression
if (sizeof ((intmax_t)))
                      ^
1 error generated.
configure:17981: $? = 1
configure: failed program was:
| /* confdefs.h */
| #define PACKAGE_NAME "dwmbar"
| #define PACKAGE_TARNAME "dwmbar"
| #define PACKAGE_VERSION "1.0.0"
| #define PACKAGE_STRING "dwmbar 1.0.0"
| #define PACKAGE_BUGREPORT ""
| #define PACKAGE_URL ""
| #define STDC_HEADERS 1
| #define HAVE_SYS_TYPES_H 1
| #define HAVE_SYS_STAT_H 1
| #define HAVE_STDLIB_H 1
| #define HAVE_STRING_H 1
| #define HAVE_MEMORY_H 1
| #define HAVE_STRINGS_H 1
| #define HAVE_INTTYPES_H 1
| #define HAVE_STDINT_H 1
| #define HAVE_UNISTD_H 1
| #define HAVE_ALSA_ASOUNDLIB_H 1
| #define HAVE_MPD_CLIENT_H 1
| #define HAVE_SIZE_T 1
| #define HAVE_TIME_T 1
| #define HAVE_FLOAT 1
| #define HAVE_DOUBLE 1
| #define HAVE_SIGNED_CHAR 1
| #define HAVE_UNSIGNED_CHAR 1
| #define HAVE_SIGNED_SHORT_INT 1
| #define HAVE_INT8_T 1
| #define HAVE_SIGNED_INT 1
| #define HAVE_INT16_T 1
| #define HAVE_SIGNED_LONG_INT 1
| #define HAVE_INT32_T 1
| /* end confdefs.h.  */
| #include <stdio.h>
| #ifdef HAVE_SYS_TYPES_H
| # include <sys/types.h>
| #endif
| #ifdef HAVE_SYS_STAT_H
| # include <sys/stat.h>
| #endif
| #ifdef STDC_HEADERS
| # include <stdlib.h>
| # include <stddef.h>
| #else
| # ifdef HAVE_STDLIB_H
| #  include <stdlib.h>
| # endif
| #endif
| #ifdef HAVE_STRING_H
| # if !defined STDC_HEADERS && defined HAVE_MEMORY_H
| #  include <memory.h>
| # endif
| # include <string.h>
| #endif
| #ifdef HAVE_STRINGS_H
| # include <strings.h>
| #endif
| #ifdef HAVE_INTTYPES_H
| # include <inttypes.h>
| #endif
| #ifdef HAVE_STDINT_H
| # include <stdint.h>
| #endif
| #ifdef HAVE_UNISTD_H
| # include <unistd.h>
| #endif
| int
| main ()
| {
| if (sizeof ((intmax_t)))
| 	    return 0;
|   ;
|   return 0;
| }
configure:17981: result: yes
configure:19090: checking for unsigned short int
configure:19090: clang -c -g -O2  conftest.c >&5
configure:19090: $? = 0
configure:19090: clang -c -g -O2  conftest.c >&5
conftest.c:70:33: error: expected expression
if (sizeof ((unsigned short int)))
                                ^
1 error generated.
configure:19090: $? = 1
configure: failed program was:
| /* confdefs.h */
| #define PACKAGE_NAME "dwmbar"
| #define PACKAGE_TARNAME "dwmbar"
| #define PACKAGE_VERSION "1.0.0"
| #define PACKAGE_STRING "dwmbar 1.0.0"
| #define PACKAGE_BUGREPORT ""
| #define PACKAGE_URL ""
| #define STDC_HEADERS 1
| #define HAVE_SYS_TYPES_H 1
| #define HAVE_SYS_STAT_H 1
| #define HAVE_STDLIB_H 1
| #define HAVE_STRING_H 1
| #define HAVE_MEMORY_H 1
| #define HAVE_STRINGS_H 1
| #define HAVE_INTTYPES_H 1
| #define HAVE_STDINT_H 1
| #define HAVE_UNISTD_H 1
| #define HAVE_ALSA_ASOUNDLIB_H 1
| #define HAVE_MPD_CLIENT_H 1
| #define HAVE_SIZE_T 1
| #define HAVE_TIME_T 1
| #define HAVE_FLOAT 1
| #define HAVE_DOUBLE 1
| #define HAVE_SIGNED_CHAR 1
| #define HAVE_UNSIGNED_CHAR 1
| #define HAVE_SIGNED_SHORT_INT 1
| #define HAVE_INT8_T 1
| #define HAVE_SIGNED_INT 1
| #define HAVE_INT16_T 1
| #define HAVE_SIGNED_LONG_INT 1
| #define HAVE_INT32_T 1
| #define HAVE_INTMAX_T 1
| /* end confdefs.h.  */
| #include <stdio.h>
| #ifdef HAVE_SYS_TYPES_H
| # include <sys/types.h>
| #endif
| #ifdef HAVE_SYS_STAT_H
| # include <sys/stat.h>
| #endif
| #ifdef STDC_HEADERS
| # include <stdlib.h>
| # include <stddef.h>
| #else
| # ifdef HAVE_STDLIB_H
| #  include <stdlib.h>
| # endif
| #endif
| #ifdef HAVE_STRING_H
| # if !defined STDC_HEADERS && defined HAVE_MEMORY_H
| #  include <memory.h>
| # endif
| # include <string.h>
| #endif
| #ifdef HAVE_STRINGS_H
| # include <strings.h>
| #endif
| #ifdef HAVE_INTTYPES_H
| # include <inttypes.h>
| #endif
| #ifdef HAVE_STDINT_H
| # include <stdint.h>
| #endif
| #ifdef HAVE_UNISTD_H
| # include <unistd.h>
| #endif
| int
| main ()
| {
| if (sizeof ((unsigned short int)))
| 	    return 0;
|   ;
|   return 0;
| }
configure:19090: result: yes
configure:20199: checking for uint8_t
configure:20199: clang -c -g -O2  conftest.c >&5
configure:20199: $? = 0
configure:20199: clang -c -g -O2  conftest.c >&5
conftest.c:71:22: error: expected expression
if (sizeof ((uint8_t)))
                     ^
1 error generated.
configure:20199: $? = 1
configure: failed program was:
| /* confdefs.h */
| #define PACKAGE_NAME "dwmbar"
| #define PACKAGE_TARNAME "dwmbar"
| #define PACKAGE_VERSION "1.0.0"
| #define PACKAGE_STRING "dwmbar 1.0.0"
| #define PACKAGE_BUGREPORT ""
| #define PACKAGE_URL ""
| #define STDC_HEADERS 1
| #define HAVE_SYS_TYPES_H 1
| #define HAVE_SYS_STAT_H 1
| #define HAVE_STDLIB_H 1
| #define HAVE_STRING_H 1
| #define HAVE_MEMORY_H 1
| #define HAVE_STRINGS_H 1
| #define HAVE_INTTYPES_H 1
| #define HAVE_STDINT_H 1
| #define HAVE_UNISTD_H 1
| #define HAVE_ALSA_ASOUNDLIB_H 1
| #define HAVE_MPD_CLIENT_H 1
| #define HAVE_SIZE_T 1
| #define HAVE_TIME_T 1
| #define HAVE_FLOAT 1
| #define HAVE_DOUBLE 1
| #define HAVE_SIGNED_CHAR 1
| #define HAVE_UNSIGNED_CHAR 1
| #define HAVE_SIGNED_SHORT_INT 1
| #define HAVE_INT8_T 1
| #define HAVE_SIGNED_INT 1
| #define HAVE_INT16_T 1
| #define HAVE_SIGNED_LONG_INT 1
| #define HAVE_INT32_T 1
| #define HAVE_INTMAX_T 1
| #define HAVE_UNSIGNED_SHORT_INT 1
| /* end confdefs.h.  */
| #include <stdio.h>
| #ifdef HAVE_SYS_TYPES_H
| # include <sys/types.h>
| #endif
| #ifdef HAVE_SYS_STAT_H
| # include <sys/stat.h>
| #endif
| #ifdef STDC_HEADERS
| # include <stdlib.h>
| # include <stddef.h>
| #else
| # ifdef HAVE_STDLIB_H
| #  include <stdlib.h>
| # endif
| #endif
| #ifdef HAVE_STRING_H
| # if !defined STDC_HEADERS && defined HAVE_MEMORY_H
| #  include <memory.h>
| # endif
| # include <string.h>
| #endif
| #ifdef HAVE_STRINGS_H
| # include <strings.h>
| #endif
| #ifdef HAVE_INTTYPES_H
| # include <inttypes.h>
| #endif
| #ifdef HAVE_STDINT_H
| # include <stdint.h>
| #endif
| #ifdef HAVE_UNISTD_H
| # include <unistd.h>
| #endif
| int
| main ()
| {
| if (sizeof ((uint8_t)))
| 	    return 0;
|   ;
|   return 0;
| }
configure:20199: result: yes
configure:21308: checking for unsigned int
configure:21308: clang -c -g -O2  conftest.c >&5
configure:21308: $? = 0
configure:21308: clang -c -g -O2  conftest.c >&5
conftest.c:72:27: error: expected expression
if (sizeof ((unsigned int)))
                          ^
1 error generated.
configure:21308: $? = 1
configure: failed program was:
| /* confdefs.h */
| #define PACKAGE_NAME "dwmbar"
| #define PACKAGE_TARNAME "dwmbar"
| #define PACKAGE_VERSION "1.0.0"
| #define PACKAGE_STRING "dwmbar 1.0.0"
| #define PACKAGE_BUGREPORT ""
| #define PACKAGE_URL ""
| #define STDC_HEADERS 1
| #define HAVE_SYS_TYPES_H 1
| #define HAVE_SYS_STAT_H 1
| #define HAVE_STDLIB_H 1
| #define HAVE_STRING_H 1
| #define HAVE_MEMORY_H 1
| #define HAVE_STRINGS_H 1
| #define HAVE_INTTYPES_H 1
| #define HAVE_STDINT_H 1
| #define HAVE_UNISTD_H 1
| #define HAVE_ALSA_ASOUNDLIB_H 1
| #define HAVE_MPD_CLIENT_H 1
| #define HAVE_SIZE_T 1
| #define HAVE_TIME_T 1
| #define HAVE_FLOAT 1
| #define HAVE_DOUBLE 1
| #define HAVE_SIGNED_CHAR 1
| #define HAVE_UNSIGNED_CHAR 1
| #define HAVE_SIGNED_SHORT_INT 1
| #define HAVE_INT8_T 1
| #define HAVE_SIGNED_INT 1
| #define HAVE_INT16_T 1
| #define HAVE_SIGNED_LONG_INT 1
| #define HAVE_INT32_T 1
| #define HAVE_INTMAX_T 1
| #define HAVE_UNSIGNED_SHORT_INT 1
| #define HAVE_UINT8_T 1
| /* end confdefs.h.  */
| #include <stdio.h>
| #ifdef HAVE_SYS_TYPES_H
| # include <sys/types.h>
| #endif
| #ifdef HAVE_SYS_STAT_H
| # include <sys/stat.h>
| #endif
| #ifdef STDC_HEADERS
| # include <stdlib.h>
| # include <stddef.h>
| #else
| # ifdef HAVE_STDLIB_H
| #  include <stdlib.h>
| # endif
| #endif
| #ifdef HAVE_STRING_H
| # if !defined STDC_HEADERS && defined HAVE_MEMORY_H
| #  include <memory.h>
| # endif
| # include <string.h>
| #endif
| #ifdef HAVE_STRINGS_H
| # include <strings.h>
| #endif
| #ifdef HAVE_INTTYPES_H
| # include <inttypes.h>
| #endif
| #ifdef HAVE_STDINT_H
| # include <stdint.h>
| #endif
| #ifdef HAVE_UNISTD_H
| # include <unistd.h>
| #endif
| int
| main ()
| {
| if (sizeof ((unsigned int)))
| 	    return 0;
|   ;
|   return 0;
| }
configure:21308: result: yes
configure:22417: checking for uint16_t
configure:22417: clang -c -g -O2  conftest.c >&5
configure:22417: $? = 0
configure:22417: clang -c -g -O2  conftest.c >&5
conftest.c:73:23: error: expected expression
if (sizeof ((uint16_t)))
                      ^
1 error generated.
configure:22417: $? = 1
configure: failed program was:
| /* confdefs.h */
| #define PACKAGE_NAME "dwmbar"
| #define PACKAGE_TARNAME "dwmbar"
| #define PACKAGE_VERSION "1.0.0"
| #define PACKAGE_STRING "dwmbar 1.0.0"
| #define PACKAGE_BUGREPORT ""
| #define PACKAGE_URL ""
| #define STDC_HEADERS 1
| #define HAVE_SYS_TYPES_H 1
| #define HAVE_SYS_STAT_H 1
| #define HAVE_STDLIB_H 1
| #define HAVE_STRING_H 1
| #define HAVE_MEMORY_H 1
| #define HAVE_STRINGS_H 1
| #define HAVE_INTTYPES_H 1
| #define HAVE_STDINT_H 1
| #define HAVE_UNISTD_H 1
| #define HAVE_ALSA_ASOUNDLIB_H 1
| #define HAVE_MPD_CLIENT_H 1
| #define HAVE_SIZE_T 1
| #define HAVE_TIME_T 1
| #define HAVE_FLOAT 1
| #define HAVE_DOUBLE 1
| #define HAVE_SIGNED_CHAR 1
| #define HAVE_UNSIGNED_CHAR 1
| #define HAVE_SIGNED_SHORT_INT 1
| #define HAVE_INT8_T 1
| #define HAVE_SIGNED_INT 1
| #define HAVE_INT16_T 1
| #define HAVE_SIGNED_LONG_INT 1
| #define HAVE_INT32_T 1
| #define HAVE_INTMAX_T 1
| #define HAVE_UNSIGNED_SHORT_INT 1
| #define HAVE_UINT8_T 1
| #define HAVE_UNSIGNED_INT 1
| /* end confdefs.h.  */
| #include <stdio.h>
| #ifdef HAVE_SYS_TYPES_H
| # include <sys/types.h>
| #endif
| #ifdef HAVE_SYS_STAT_H
| # include <sys/stat.h>
| #endif
| #ifdef STDC_HEADERS
| # include <stdlib.h>
| # include <stddef.h>
| #else
| # ifdef HAVE_STDLIB_H
| #  include <stdlib.h>
| # endif
| #endif
| #ifdef HAVE_STRING_H
| # if !defined STDC_HEADERS && defined HAVE_MEMORY_H
| #  include <memory.h>
| # endif
| # include <string.h>
| #endif
| #ifdef HAVE_STRINGS_H
| # include <strings.h>
| #endif
| #ifdef HAVE_INTTYPES_H
| # include <inttypes.h>
| #endif
| #ifdef HAVE_STDINT_H
| # include <stdint.h>
| #endif
| #ifdef HAVE_UNISTD_H
| # include <unistd.h>
| #endif
| int
| main ()
| {
| if (sizeof ((uint16_t)))
| 	    return 0;
|   ;
|   return 0;
| }
configure:22417: result: yes
configure:23526: checking for unsigned long int
configure:23526: clang -c -g -O2  conftest.c >&5
configure:23526: $? = 0
configure:23526: clang -c -g -O2  conftest.c >&5
conftest.c:74:32: error: expected expression
if (sizeof ((unsigned long int)))
                               ^
1 error generated.
configure:23526: $? = 1
configure: failed program was:
| /* confdefs.h */
| #define PACKAGE_NAME "dwmbar"
| #define PACKAGE_TARNAME "dwmbar"
| #define PACKAGE_VERSION "1.0.0"
| #define PACKAGE_STRING "dwmbar 1.0.0"
| #define PACKAGE_BUGREPORT ""
| #define PACKAGE_URL ""
| #define STDC_HEADERS 1
| #define HAVE_SYS_TYPES_H 1
| #define HAVE_SYS_STAT_H 1
| #define HAVE_STDLIB_H 1
| #define HAVE_STRING_H 1
| #define HAVE_MEMORY_H 1
| #define HAVE_STRINGS_H 1
| #define HAVE_INTTYPES_H 1
| #define HAVE_STDINT_H 1
| #define HAVE_UNISTD_H 1
| #define HAVE_ALSA_ASOUNDLIB_H 1
| #define HAVE_MPD_CLIENT_H 1
| #define HAVE_SIZE_T 1
| #define HAVE_TIME_T 1
| #define HAVE_FLOAT 1
| #define HAVE_DOUBLE 1
| #define HAVE_SIGNED_CHAR 1
| #define HAVE_UNSIGNED_CHAR 1
| #define HAVE_SIGNED_SHORT_INT 1
| #define HAVE_INT8_T 1
| #define HAVE_SIGNED_INT 1
| #define HAVE_INT16_T 1
| #define HAVE_SIGNED_LONG_INT 1
| #define HAVE_INT32_T 1
| #define HAVE_INTMAX_T 1
| #define HAVE_UNSIGNED_SHORT_INT 1
| #define HAVE_UINT8_T 1
| #define HAVE_UNSIGNED_INT 1
| #define HAVE_UINT16_T 1
| /* end confdefs.h.  */
| #include <stdio.h>
| #ifdef HAVE_SYS_TYPES_H
| # include <sys/types.h>
| #endif
| #ifdef HAVE_SYS_STAT_H
| # include <sys/stat.h>
| #endif
| #ifdef STDC_HEADERS
| # include <stdlib.h>
| # include <stddef.h>
| #else
| # ifdef HAVE_STDLIB_H
| #  include <stdlib.h>
| # endif
| #endif
| #ifdef HAVE_STRING_H
| # if !defined STDC_HEADERS && defined HAVE_MEMORY_H
| #  include <memory.h>
| # endif
| # include <string.h>
| #endif
| #ifdef HAVE_STRINGS_H
| # include <strings.h>
| #endif
| #ifdef HAVE_INTTYPES_H
| # include <inttypes.h>
| #endif
| #ifdef HAVE_STDINT_H
| # include <stdint.h>
| #endif
| #ifdef HAVE_UNISTD_H
| # include <unistd.h>
| #endif
| int
| main ()
| {
| if (sizeof ((unsigned long int)))
| 	    return 0;
|   ;
|   return 0;
| }
configure:23526: result: yes
configure:24635: checking for uint32_t
configure:24635: clang -c -g -O2  conftest.c >&5
configure:24635: $? = 0
configure:24635: clang -c -g -O2  conftest.c >&5
conftest.c:75:23: error: expected expression
if (sizeof ((uint32_t)))
                      ^
1 error generated.
configure:24635: $? = 1
configure: failed program was:
| /* confdefs.h */
| #define PACKAGE_NAME "dwmbar"
| #define PACKAGE_TARNAME "dwmbar"
| #define PACKAGE_VERSION "1.0.0"
| #define PACKAGE_STRING "dwmbar 1.0.0"
| #define PACKAGE_BUGREPORT ""
| #define PACKAGE_URL ""
| #define STDC_HEADERS 1
| #define HAVE_SYS_TYPES_H 1
| #define HAVE_SYS_STAT_H 1
| #define HAVE_STDLIB_H 1
| #define HAVE_STRING_H 1
| #define HAVE_MEMORY_H 1
| #define HAVE_STRINGS_H 1
| #define HAVE_INTTYPES_H 1
| #define HAVE_STDINT_H 1
| #define HAVE_UNISTD_H 1
| #define HAVE_ALSA_ASOUNDLIB_H 1
| #define HAVE_MPD_CLIENT_H 1
| #define HAVE_SIZE_T 1
| #define HAVE_TIME_T 1
| #define HAVE_FLOAT 1
| #define HAVE_DOUBLE 1
| #define HAVE_SIGNED_CHAR 1
| #define HAVE_UNSIGNED_CHAR 1
| #define HAVE_SIGNED_SHORT_INT 1
| #define HAVE_INT8_T 1
| #define HAVE_SIGNED_INT 1
| #define HAVE_INT16_T 1
| #define HAVE_SIGNED_LONG_INT 1
| #define HAVE_INT32_T 1
| #define HAVE_INTMAX_T 1
| #define HAVE_UNSIGNED_SHORT_INT 1
| #define HAVE_UINT8_T 1
| #define HAVE_UNSIGNED_INT 1
| #define HAVE_UINT16_T 1
| #define HAVE_UNSIGNED_LONG_INT 1
| /* end confdefs.h.  */
| #include <stdio.h>
| #ifdef HAVE_SYS_TYPES_H
| # include <sys/types.h>
| #endif
| #ifdef HAVE_SYS_STAT_H
| # include <sys/stat.h>
| #endif
| #ifdef STDC_HEADERS
| # include <stdlib.h>
| # include <stddef.h>
| #else
| # ifdef HAVE_STDLIB_H
| #  include <stdlib.h>
| # endif
| #endif
| #ifdef HAVE_STRING_H
| # if !defined STDC_HEADERS && defined HAVE_MEMORY_H
| #  include <memory.h>
| # endif
| # include <string.h>
| #endif
| #ifdef HAVE_STRINGS_H
| # include <strings.h>
| #endif
| #ifdef HAVE_INTTYPES_H
| # include <inttypes.h>
| #endif
| #ifdef HAVE_STDINT_H
| # include <stdint.h>
| #endif
| #ifdef HAVE_UNISTD_H
| # include <unistd.h>
| #endif
| int
| main ()
| {
| if (sizeof ((uint32_t)))
| 	    return 0;
|   ;
|   return 0;
| }
configure:24635: result: yes
configure:25744: checking for uintmax_t
configure:25744: clang -c -g -O2  conftest.c >&5
configure:25744: $? = 0
configure:25744: clang -c -g -O2  conftest.c >&5
conftest.c:76:24: error: expected expression
if (sizeof ((uintmax_t)))
                       ^
1 error generated.
configure:25744: $? = 1
configure: failed program was:
| /* confdefs.h */
| #define PACKAGE_NAME "dwmbar"
| #define PACKAGE_TARNAME "dwmbar"
| #define PACKAGE_VERSION "1.0.0"
| #define PACKAGE_STRING "dwmbar 1.0.0"
| #define PACKAGE_BUGREPORT ""
| #define PACKAGE_URL ""
| #define STDC_HEADERS 1
| #define HAVE_SYS_TYPES_H 1
| #define HAVE_SYS_STAT_H 1
| #define HAVE_STDLIB_H 1
| #define HAVE_STRING_H 1
| #define HAVE_MEMORY_H 1
| #define HAVE_STRINGS_H 1
| #define HAVE_INTTYPES_H 1
| #define HAVE_STDINT_H 1
| #define HAVE_UNISTD_H 1
| #define HAVE_ALSA_ASOUNDLIB_H 1
| #define HAVE_MPD_CLIENT_H 1
| #define HAVE_SIZE_T 1
| #define HAVE_TIME_T 1
| #define HAVE_FLOAT 1
| #define HAVE_DOUBLE 1
| #define HAVE_SIGNED_CHAR 1
| #define HAVE_UNSIGNED_CHAR 1
| #define HAVE_SIGNED_SHORT_INT 1
| #define HAVE_INT8_T 1
| #define HAVE_SIGNED_INT 1
| #define HAVE_INT16_T 1
| #define HAVE_SIGNED_LONG_INT 1
| #define HAVE_INT32_T 1
| #define HAVE_INTMAX_T 1
| #define HAVE_UNSIGNED_SHORT_INT 1
| #define HAVE_UINT8_T 1
| #define HAVE_UNSIGNED_INT 1
| #define HAVE_UINT16_T 1
| #define HAVE_UNSIGNED_LONG_INT 1
| #define HAVE_UINT32_T 1
| /* end confdefs.h.  */
| #include <stdio.h>
| #ifdef HAVE_SYS_TYPES_H
| # include <sys/types.h>
| #endif
| #ifdef HAVE_SYS_STAT_H
| # include <sys/stat.h>
| #endif
| #ifdef STDC_HEADERS
| # include <stdlib.h>
| # include <stddef.h>
| #else
| # ifdef HAVE_STDLIB_H
| #  include <stdlib.h>
| # endif
| #endif
| #ifdef HAVE_STRING_H
| # if !defined STDC_HEADERS && defined HAVE_MEMORY_H
| #  include <memory.h>
| # endif
| # include <string.h>
| #endif
| #ifdef HAVE_STRINGS_H
| # include <strings.h>
| #endif
| #ifdef HAVE_INTTYPES_H
| # include <inttypes.h>
| #endif
| #ifdef HAVE_STDINT_H
| # include <stdint.h>
| #endif
| #ifdef HAVE_UNISTD_H
| # include <unistd.h>
| #endif
| int
| main ()
| {
| if (sizeof ((uintmax_t)))
| 	    return 0;
|   ;
|   return 0;
| }
configure:25744: result: yes
configure:26853: checking for int_least8_t
configure:26853: clang -c -g -O2  conftest.c >&5
configure:26853: $? = 0
configure:26853: clang -c -g -O2  conftest.c >&5
conftest.c:77:27: error: expected expression
if (sizeof ((int_least8_t)))
                          ^
1 error generated.
configure:26853: $? = 1
configure: failed program was:
| /* confdefs.h */
| #define PACKAGE_NAME "dwmbar"
| #define PACKAGE_TARNAME "dwmbar"
| #define PACKAGE_VERSION "1.0.0"
| #define PACKAGE_STRING "dwmbar 1.0.0"
| #define PACKAGE_BUGREPORT ""
| #define PACKAGE_URL ""
| #define STDC_HEADERS 1
| #define HAVE_SYS_TYPES_H 1
| #define HAVE_SYS_STAT_H 1
| #define HAVE_STDLIB_H 1
| #define HAVE_STRING_H 1
| #define HAVE_MEMORY_H 1
| #define HAVE_STRINGS_H 1
| #define HAVE_INTTYPES_H 1
| #define HAVE_STDINT_H 1
| #define HAVE_UNISTD_H 1
| #define HAVE_ALSA_ASOUNDLIB_H 1
| #define HAVE_MPD_CLIENT_H 1
| #define HAVE_SIZE_T 1
| #define HAVE_TIME_T 1
| #define HAVE_FLOAT 1
| #define HAVE_DOUBLE 1
| #define HAVE_SIGNED_CHAR 1
| #define HAVE_UNSIGNED_CHAR 1
| #define HAVE_SIGNED_SHORT_INT 1
| #define HAVE_INT8_T 1
| #define HAVE_SIGNED_INT 1
| #define HAVE_INT16_T 1
| #define HAVE_SIGNED_LONG_INT 1
| #define HAVE_INT32_T 1
| #define HAVE_INTMAX_T 1
| #define HAVE_UNSIGNED_SHORT_INT 1
| #define HAVE_UINT8_T 1
| #define HAVE_UNSIGNED_INT 1
| #define HAVE_UINT16_T 1
| #define HAVE_UNSIGNED_LONG_INT 1
| #define HAVE_UINT32_T 1
| #define HAVE_UINTMAX_T 1
| /* end confdefs.h.  */
| #include <stdio.h>
| #ifdef HAVE_SYS_TYPES_H
| # include <sys/types.h>
| #endif
| #ifdef HAVE_SYS_STAT_H
| # include <sys/stat.h>
| #endif
| #ifdef STDC_HEADERS
| # include <stdlib.h>
| # include <stddef.h>
| #else
| # ifdef HAVE_STDLIB_H
| #  include <stdlib.h>
| # endif
| #endif
| #ifdef HAVE_STRING_H
| # if !defined STDC_HEADERS && defined HAVE_MEMORY_H
| #  include <memory.h>
| # endif
| # include <string.h>
| #endif
| #ifdef HAVE_STRINGS_H
| # include <strings.h>
| #endif
| #ifdef HAVE_INTTYPES_H
| # include <inttypes.h>
| #endif
| #ifdef HAVE_STDINT_H
| # include <stdint.h>
| #endif
| #ifdef HAVE_UNISTD_H
| # include <unistd.h>
| #endif
| int
| main ()
| {
| if (sizeof ((int_least8_t)))
| 	    return 0;
|   ;
|   return 0;
| }
configure:26853: result: yes
configure:27962: checking for int_least16_t
configure:27962: clang -c -g -O2  conftest.c >&5
configure:27962: $? = 0
configure:27962: clang -c -g -O2  conftest.c >&5
conftest.c:78:28: error: expected expression
if (sizeof ((int_least16_t)))
                           ^
1 error generated.
configure:27962: $? = 1
configure: failed program was:
| /* confdefs.h */
| #define PACKAGE_NAME "dwmbar"
| #define PACKAGE_TARNAME "dwmbar"
| #define PACKAGE_VERSION "1.0.0"
| #define PACKAGE_STRING "dwmbar 1.0.0"
| #define PACKAGE_BUGREPORT ""
| #define PACKAGE_URL ""
| #define STDC_HEADERS 1
| #define HAVE_SYS_TYPES_H 1
| #define HAVE_SYS_STAT_H 1
| #define HAVE_STDLIB_H 1
| #define HAVE_STRING_H 1
| #define HAVE_MEMORY_H 1
| #define HAVE_STRINGS_H 1
| #define HAVE_INTTYPES_H 1
| #define HAVE_STDINT_H 1
| #define HAVE_UNISTD_H 1
| #define HAVE_ALSA_ASOUNDLIB_H 1
| #define HAVE_MPD_CLIENT_H 1
| #define HAVE_SIZE_T 1
| #define HAVE_TIME_T 1
| #define HAVE_FLOAT 1
| #define HAVE_DOUBLE 1
| #define HAVE_SIGNED_CHAR 1
| #define HAVE_UNSIGNED_CHAR 1
| #define HAVE_SIGNED_SHORT_INT 1
| #define HAVE_INT8_T 1
| #define HAVE_SIGNED_INT 1
| #define HAVE_INT16_T 1
| #define HAVE_SIGNED_LONG_INT 1
| #define HAVE_INT32_T 1
| #define HAVE_INTMAX_T 1
| #define HAVE_UNSIGNED_SHORT_INT 1
| #define HAVE_UINT8_T 1
| #define HAVE_UNSIGNED_INT 1
| #define HAVE_UINT16_T 1
| #define HAVE_UNSIGNED_LONG_INT 1
| #define HAVE_UINT32_T 1
| #define HAVE_UINTMAX_T 1
| #define HAVE_INT_LEAST8_T 1
| /* end confdefs.h.  */
| #include <stdio.h>
| #ifdef HAVE_SYS_TYPES_H
| # include <sys/types.h>
| #endif
| #ifdef HAVE_SYS_STAT_H
| # include <sys/stat.h>
| #endif
| #ifdef STDC_HEADERS
| # include <stdlib.h>
| # include <stddef.h>
| #else
| # ifdef HAVE_STDLIB_H
| #  include <stdlib.h>
| # endif
| #endif
| #ifdef HAVE_STRING_H
| # if !defined STDC_HEADERS && defined HAVE_MEMORY_H
| #  include <memory.h>
| # endif
| # include <string.h>
| #endif
| #ifdef HAVE_STRINGS_H
| # include <strings.h>
| #endif
| #ifdef HAVE_INTTYPES_H
| # include <inttypes.h>
| #endif
| #ifdef HAVE_STDINT_H
| # include <stdint.h>
| #endif
| #ifdef HAVE_UNISTD_H
| # include <unistd.h>
| #endif
| int
| main ()
| {
| if (sizeof ((int_least16_t)))
| 	    return 0;
|   ;
|   return 0;
| }
configure:27962: result: yes
configure:29071: checking for int_least32_t
configure:29071: clang -c -g -O2  conftest.c >&5
configure:29071: $? = 0
configure:29071: clang -c -g -O2  conftest.c >&5
conftest.c:79:28: error: expected expression
if (sizeof ((int_least32_t)))
                           ^
1 error generated.
configure:29071: $? = 1
configure: failed program was:
| /* confdefs.h */
| #define PACKAGE_NAME "dwmbar"
| #define PACKAGE_TARNAME "dwmbar"
| #define PACKAGE_VERSION "1.0.0"
| #define PACKAGE_STRING "dwmbar 1.0.0"
| #define PACKAGE_BUGREPORT ""
| #define PACKAGE_URL ""
| #define STDC_HEADERS 1
| #define HAVE_SYS_TYPES_H 1
| #define HAVE_SYS_STAT_H 1
| #define HAVE_STDLIB_H 1
| #define HAVE_STRING_H 1
| #define HAVE_MEMORY_H 1
| #define HAVE_STRINGS_H 1
| #define HAVE_INTTYPES_H 1
| #define HAVE_STDINT_H 1
| #define HAVE_UNISTD_H 1
| #define HAVE_ALSA_ASOUNDLIB_H 1
| #define HAVE_MPD_CLIENT_H 1
| #define HAVE_SIZE_T 1
| #define HAVE_TIME_T 1
| #define HAVE_FLOAT 1
| #define HAVE_DOUBLE 1
| #define HAVE_SIGNED_CHAR 1
| #define HAVE_UNSIGNED_CHAR 1
| #define HAVE_SIGNED_SHORT_INT 1
| #define HAVE_INT8_T 1
| #define HAVE_SIGNED_INT 1
| #define HAVE_INT16_T 1
| #define HAVE_SIGNED_LONG_INT 1
| #define HAVE_INT32_T 1
| #define HAVE_INTMAX_T 1
| #define HAVE_UNSIGNED_SHORT_INT 1
| #define HAVE_UINT8_T 1
| #define HAVE_UNSIGNED_INT 1
| #define HAVE_UINT16_T 1
| #define HAVE_UNSIGNED_LONG_INT 1
| #define HAVE_UINT32_T 1
| #define HAVE_UINTMAX_T 1
| #define HAVE_INT_LEAST8_T 1
| #define HAVE_INT_LEAST16_T 1
| /* end confdefs.h.  */
| #include <stdio.h>
| #ifdef HAVE_SYS_TYPES_H
| # include <sys/types.h>
| #endif
| #ifdef HAVE_SYS_STAT_H
| # include <sys/stat.h>
| #endif
| #ifdef STDC_HEADERS
| # include <stdlib.h>
| # include <stddef.h>
| #else
| # ifdef HAVE_STDLIB_H
| #  include <stdlib.h>
| # endif
| #endif
| #ifdef HAVE_STRING_H
| # if !defined STDC_HEADERS && defined HAVE_MEMORY_H
| #  include <memory.h>
| # endif
| # include <string.h>
| #endif
| #ifdef HAVE_STRINGS_H
| # include <strings.h>
| #endif
| #ifdef HAVE_INTTYPES_H
| # include <inttypes.h>
| #endif
| #ifdef HAVE_STDINT_H
| # include <stdint.h>
| #endif
| #ifdef HAVE_UNISTD_H
| # include <unistd.h>
| #endif
| int
| main ()
| {
| if (sizeof ((int_least32_t)))
| 	    return 0;
|   ;
|   return 0;
| }
configure:29071: result: yes
configure:30180: checking for uint_least8_t
configure:30180: clang -c -g -O2  conftest.c >&5
configure:30180: $? = 0
configure:30180: clang -c -g -O2  conftest.c >&5
conftest.c:80:28: error: expected expression
if (sizeof ((uint_least8_t)))
                           ^
1 error generated.
configure:30180: $? = 1
configure: failed program was:
| /* confdefs.h */
| #define PACKAGE_NAME "dwmbar"
| #define PACKAGE_TARNAME "dwmbar"
| #define PACKAGE_VERSION "1.0.0"
| #define PACKAGE_STRING "dwmbar 1.0.0"
| #define PACKAGE_BUGREPORT ""
| #define PACKAGE_URL ""
| #define STDC_HEADERS 1
| #define HAVE_SYS_TYPES_H 1
| #define HAVE_SYS_STAT_H 1
| #define HAVE_STDLIB_H 1
| #define HAVE_STRING_H 1
| #define HAVE_MEMORY_H 1
| #define HAVE_STRINGS_H 1
| #define HAVE_INTTYPES_H 1
| #define HAVE_STDINT_H 1
| #define HAVE_UNISTD_H 1
| #define HAVE_ALSA_ASOUNDLIB_H 1
| #define HAVE_MPD_CLIENT_H 1
| #define HAVE_SIZE_T 1
| #define HAVE_TIME_T 1
| #define HAVE_FLOAT 1
| #define HAVE_DOUBLE 1
| #define HAVE_SIGNED_CHAR 1
| #define HAVE_UNSIGNED_CHAR 1
| #define HAVE_SIGNED_SHORT_INT 1
| #define HAVE_INT8_T 1
| #define HAVE_SIGNED_INT 1
| #define HAVE_INT16_T 1
| #define HAVE_SIGNED_LONG_INT 1
| #define HAVE_INT32_T 1
| #define HAVE_INTMAX_T 1
| #define HAVE_UNSIGNED_SHORT_INT 1
| #define HAVE_UINT8_T 1
| #define HAVE_UNSIGNED_INT 1
| #define HAVE_UINT16_T 1
| #define HAVE_UNSIGNED_LONG_INT 1
| #define HAVE_UINT32_T 1
| #define HAVE_UINTMAX_T 1
| #define HAVE_INT_LEAST8_T 1
| #define HAVE_INT_LEAST16_T 1
| #define HAVE_INT_LEAST32_T 1
| /* end confdefs.h.  */
| #include <stdio.h>
| #ifdef HAVE_SYS_TYPES_H
| # include <sys/types.h>
| #endif
| #ifdef HAVE_SYS_STAT_H
| # include <sys/stat.h>
| #endif
| #ifdef STDC_HEADERS
| # include <stdlib.h>
| # include <stddef.h>
| #else
| # ifdef HAVE_STDLIB_H
| #  include <stdlib.h>
| # endif
| #endif
| #ifdef HAVE_STRING_H
| # if !defined STDC_HEADERS && defined HAVE_MEMORY_H
| #  include <memory.h>
| # endif
| # include <string.h>
| #endif
| #ifdef HAVE_STRINGS_H
| # include <strings.h>
| #endif
| #ifdef HAVE_INTTYPES_H
| # include <inttypes.h>
| #endif
| #ifdef HAVE_STDINT_H
| # include <stdint.h>
| #endif
| #ifdef HAVE_UNISTD_H
| # include <unistd.h>
| #endif
| int
| main ()
| {
| if (sizeof ((uint_least8_t)))
| 	    return 0;
|   ;
|   return 0;
| }
configure:30180: result: yes
configure:31289: checking for uint_least16_t
configure:31289: clang -c -g -O2  conftest.c >&5
configure:31289: $? = 0
configure:31289: clang -c -g -O2  conftest.c >&5
conftest.c:81:29: error: expected expression
if (sizeof ((uint_least16_t)))
                            ^
1 error generated.
configure:31289: $? = 1
configure: failed program was:
| /* confdefs.h */
| #define PACKAGE_NAME "dwmbar"
| #define PACKAGE_TARNAME "dwmbar"
| #define PACKAGE_VERSION "1.0.0"
| #define PACKAGE_STRING "dwmbar 1.0.0"
| #define PACKAGE_BUGREPORT ""
| #define PACKAGE_URL ""
| #define STDC_HEADERS 1
| #define HAVE_SYS_TYPES_H 1
| #define HAVE_SYS_STAT_H 1
| #define HAVE_STDLIB_H 1
| #define HAVE_STRING_H 1
| #define HAVE_MEMORY_H 1
| #define HAVE_STRINGS_H 1
| #define HAVE_INTTYPES_H 1
| #define HAVE_STDINT_H 1
| #define HAVE_UNISTD_H 1
| #define HAVE_ALSA_ASOUNDLIB_H 1
| #define HAVE_MPD_CLIENT_H 1
| #define HAVE_SIZE_T 1
| #define HAVE_TIME_T 1
| #define HAVE_FLOAT 1
| #define HAVE_DOUBLE 1
| #define HAVE_SIGNED_CHAR 1
| #define HAVE_UNSIGNED_CHAR 1
| #define HAVE_SIGNED_SHORT_INT 1
| #define HAVE_INT8_T 1
| #define HAVE_SIGNED_INT 1
| #define HAVE_INT16_T 1
| #define HAVE_SIGNED_LONG_INT 1
| #define HAVE_INT32_T 1
| #define HAVE_INTMAX_T 1
| #define HAVE_UNSIGNED_SHORT_INT 1
| #define HAVE_UINT8_T 1
| #define HAVE_UNSIGNED_INT 1
| #define HAVE_UINT16_T 1
| #define HAVE_UNSIGNED_LONG_INT 1
| #define HAVE_UINT32_T 1
| #define HAVE_UINTMAX_T 1
| #define HAVE_INT_LEAST8_T 1
| #define HAVE_INT_LEAST16_T 1
| #define HAVE_INT_LEAST32_T 1
| #define HAVE_UINT_LEAST8_T 1
| /* end confdefs.h.  */
| #include <stdio.h>
| #ifdef HAVE_SYS_TYPES_H
| # include <sys/types.h>
| #endif
| #ifdef HAVE_SYS_STAT_H
| # include <sys/stat.h>
| #endif
| #ifdef STDC_HEADERS
| # include <stdlib.h>
| # include <stddef.h>
| #else
| # ifdef HAVE_STDLIB_H
| #  include <stdlib.h>
| # endif
| #endif
| #ifdef HAVE_STRING_H
| # if !defined STDC_HEADERS && defined HAVE_MEMORY_H
| #  include <memory.h>
| # endif
| # include <string.h>
| #endif
| #ifdef HAVE_STRINGS_H
| # include <strings.h>
| #endif
| #ifdef HAVE_INTTYPES_H
| # include <inttypes.h>
| #endif
| #ifdef HAVE_STDINT_H
| # include <stdint.h>
| #endif
| #ifdef HAVE_UNISTD_H
| # include <unistd.h>
| #endif
| int
| main ()
| {
| if (sizeof ((uint_least16_t)))
| 	    return 0;
|   ;
|   return 0;
| }
configure:31289: result: yes
configure:32398: checking for uint_least32_t
configure:32398: clang -c -g -O2  conftest.c >&5
configure:32398: $? = 0
configure:32398: clang -c -g -O2  conftest.c >&5
conftest.c:82:29: error: expected expression
if (sizeof ((uint_least32_t)))
                            ^
1 error generated.
configure:32398: $? = 1
configure: failed program was:
| /* confdefs.h */
| #define PACKAGE_NAME "dwmbar"
| #define PACKAGE_TARNAME "dwmbar"
| #define PACKAGE_VERSION "1.0.0"
| #define PACKAGE_STRING "dwmbar 1.0.0"
| #define PACKAGE_BUGREPORT ""
| #define PACKAGE_URL ""
| #define STDC_HEADERS 1
| #define HAVE_SYS_TYPES_H 1
| #define HAVE_SYS_STAT_H 1
| #define HAVE_STDLIB_H 1
| #define HAVE_STRING_H 1
| #define HAVE_MEMORY_H 1
| #define HAVE_STRINGS_H 1
| #define HAVE_INTTYPES_H 1
| #define HAVE_STDINT_H 1
| #define HAVE_UNISTD_H 1
| #define HAVE_ALSA_ASOUNDLIB_H 1
| #define HAVE_MPD_CLIENT_H 1
| #define HAVE_SIZE_T 1
| #define HAVE_TIME_T 1
| #define HAVE_FLOAT 1
| #define HAVE_DOUBLE 1
| #define HAVE_SIGNED_CHAR 1
| #define HAVE_UNSIGNED_CHAR 1
| #define HAVE_SIGNED_SHORT_INT 1
| #define HAVE_INT8_T 1
| #define HAVE_SIGNED_INT 1
| #define HAVE_INT16_T 1
| #define HAVE_SIGNED_LONG_INT 1
| #define HAVE_INT32_T 1
| #define HAVE_INTMAX_T 1
| #define HAVE_UNSIGNED_SHORT_INT 1
| #define HAVE_UINT8_T 1
| #define HAVE_UNSIGNED_INT 1
| #define HAVE_UINT16_T 1
| #define HAVE_UNSIGNED_LONG_INT 1
| #define HAVE_UINT32_T 1
| #define HAVE_UINTMAX_T 1
| #define HAVE_INT_LEAST8_T 1
| #define HAVE_INT_LEAST16_T 1
| #define HAVE_INT_LEAST32_T 1
| #define HAVE_UINT_LEAST8_T 1
| #define HAVE_UINT_LEAST16_T 1
| /* end confdefs.h.  */
| #include <stdio.h>
| #ifdef HAVE_SYS_TYPES_H
| # include <sys/types.h>
| #endif
| #ifdef HAVE_SYS_STAT_H
| # include <sys/stat.h>
| #endif
| #ifdef STDC_HEADERS
| # include <stdlib.h>
| # include <stddef.h>
| #else
| # ifdef HAVE_STDLIB_H
| #  include <stdlib.h>
| # endif
| #endif
| #ifdef HAVE_STRING_H
| # if !defined STDC_HEADERS && defined HAVE_MEMORY_H
| #  include <memory.h>
| # endif
| # include <string.h>
| #endif
| #ifdef HAVE_STRINGS_H
| # include <strings.h>
| #endif
| #ifdef HAVE_INTTYPES_H
| # include <inttypes.h>
| #endif
| #ifdef HAVE_STDINT_H
| # include <stdint.h>
| #endif
| #ifdef HAVE_UNISTD_H
| # include <unistd.h>
| #endif
| int
| main ()
| {
| if (sizeof ((uint_least32_t)))
| 	    return 0;
|   ;
|   return 0;
| }
configure:32398: result: yes
configure:33507: checking for int_fast8_t
configure:33507: clang -c -g -O2  conftest.c >&5
configure:33507: $? = 0
configure:33507: clang -c -g -O2  conftest.c >&5
conftest.c:83:26: error: expected expression
if (sizeof ((int_fast8_t)))
                         ^
1 error generated.
configure:33507: $? = 1
configure: failed program was:
| /* confdefs.h */
| #define PACKAGE_NAME "dwmbar"
| #define PACKAGE_TARNAME "dwmbar"
| #define PACKAGE_VERSION "1.0.0"
| #define PACKAGE_STRING "dwmbar 1.0.0"
| #define PACKAGE_BUGREPORT ""
| #define PACKAGE_URL ""
| #define STDC_HEADERS 1
| #define HAVE_SYS_TYPES_H 1
| #define HAVE_SYS_STAT_H 1
| #define HAVE_STDLIB_H 1
| #define HAVE_STRING_H 1
| #define HAVE_MEMORY_H 1
| #define HAVE_STRINGS_H 1
| #define HAVE_INTTYPES_H 1
| #define HAVE_STDINT_H 1
| #define HAVE_UNISTD_H 1
| #define HAVE_ALSA_ASOUNDLIB_H 1
| #define HAVE_MPD_CLIENT_H 1
| #define HAVE_SIZE_T 1
| #define HAVE_TIME_T 1
| #define HAVE_FLOAT 1
| #define HAVE_DOUBLE 1
| #define HAVE_SIGNED_CHAR 1
| #define HAVE_UNSIGNED_CHAR 1
| #define HAVE_SIGNED_SHORT_INT 1
| #define HAVE_INT8_T 1
| #define HAVE_SIGNED_INT 1
| #define HAVE_INT16_T 1
| #define HAVE_SIGNED_LONG_INT 1
| #define HAVE_INT32_T 1
| #define HAVE_INTMAX_T 1
| #define HAVE_UNSIGNED_SHORT_INT 1
| #define HAVE_UINT8_T 1
| #define HAVE_UNSIGNED_INT 1
| #define HAVE_UINT16_T 1
| #define HAVE_UNSIGNED_LONG_INT 1
| #define HAVE_UINT32_T 1
| #define HAVE_UINTMAX_T 1
| #define HAVE_INT_LEAST8_T 1
| #define HAVE_INT_LEAST16_T 1
| #define HAVE_INT_LEAST32_T 1
| #define HAVE_UINT_LEAST8_T 1
| #define HAVE_UINT_LEAST16_T 1
| #define HAVE_UINT_LEAST32_T 1
| /* end confdefs.h.  */
| #include <stdio.h>
| #ifdef HAVE_SYS_TYPES_H
| # include <sys/types.h>
| #endif
| #ifdef HAVE_SYS_STAT_H
| # include <sys/stat.h>
| #endif
| #ifdef STDC_HEADERS
| # include <stdlib.h>
| # include <stddef.h>
| #else
| # ifdef HAVE_STDLIB_H
| #  include <stdlib.h>
| # endif
| #endif
| #ifdef HAVE_STRING_H
| # if !defined STDC_HEADERS && defined HAVE_MEMORY_H
| #  include <memory.h>
| # endif
| # include <string.h>
| #endif
| #ifdef HAVE_STRINGS_H
| # include <strings.h>
| #endif
| #ifdef HAVE_INTTYPES_H
| # include <inttypes.h>
| #endif
| #ifdef HAVE_STDINT_H
| # include <stdint.h>
| #endif
| #ifdef HAVE_UNISTD_H
| # include <unistd.h>
| #endif
| int
| main ()
| {
| if (sizeof ((int_fast8_t)))
| 	    return 0;
|   ;
|   return 0;
| }
configure:33507: result: yes
configure:34616: checking for int_fast16_t
configure:34616: clang -c -g -O2  conftest.c >&5
configure:34616: $? = 0
configure:34616: clang -c -g -O2  conftest.c >&5
conftest.c:84:27: error: expected expression
if (sizeof ((int_fast16_t)))
                          ^
1 error generated.
configure:34616: $? = 1
configure: failed program was:
| /* confdefs.h */
| #define PACKAGE_NAME "dwmbar"
| #define PACKAGE_TARNAME "dwmbar"
| #define PACKAGE_VERSION "1.0.0"
| #define PACKAGE_STRING "dwmbar 1.0.0"
| #define PACKAGE_BUGREPORT ""
| #define PACKAGE_URL ""
| #define STDC_HEADERS 1
| #define HAVE_SYS_TYPES_H 1
| #define HAVE_SYS_STAT_H 1
| #define HAVE_STDLIB_H 1
| #define HAVE_STRING_H 1
| #define HAVE_MEMORY_H 1
| #define HAVE_STRINGS_H 1
| #define HAVE_INTTYPES_H 1
| #define HAVE_STDINT_H 1
| #define HAVE_UNISTD_H 1
| #define HAVE_ALSA_ASOUNDLIB_H 1
| #define HAVE_MPD_CLIENT_H 1
| #define HAVE_SIZE_T 1
| #define HAVE_TIME_T 1
| #define HAVE_FLOAT 1
| #define HAVE_DOUBLE 1
| #define HAVE_SIGNED_CHAR 1
| #define HAVE_UNSIGNED_CHAR 1
| #define HAVE_SIGNED_SHORT_INT 1
| #define HAVE_INT8_T 1
| #define HAVE_SIGNED_INT 1
| #define HAVE_INT16_T 1
| #define HAVE_SIGNED_LONG_INT 1
| #define HAVE_INT32_T 1
| #define HAVE_INTMAX_T 1
| #define HAVE_UNSIGNED_SHORT_INT 1
| #define HAVE_UINT8_T 1
| #define HAVE_UNSIGNED_INT 1
| #define HAVE_UINT16_T 1
| #define HAVE_UNSIGNED_LONG_INT 1
| #define HAVE_UINT32_T 1
| #define HAVE_UINTMAX_T 1
| #define HAVE_INT_LEAST8_T 1
| #define HAVE_INT_LEAST16_T 1
| #define HAVE_INT_LEAST32_T 1
| #define HAVE_UINT_LEAST8_T 1
| #define HAVE_UINT_LEAST16_T 1
| #define HAVE_UINT_LEAST32_T 1
| #define HAVE_INT_FAST8_T 1
| /* end confdefs.h.  */
| #include <stdio.h>
| #ifdef HAVE_SYS_TYPES_H
| # include <sys/types.h>
| #endif
| #ifdef HAVE_SYS_STAT_H
| # include <sys/stat.h>
| #endif
| #ifdef STDC_HEADERS
| # include <stdlib.h>
| # include <stddef.h>
| #else
| # ifdef HAVE_STDLIB_H
| #  include <stdlib.h>
| # endif
| #endif
| #ifdef HAVE_STRING_H
| # if !defined STDC_HEADERS && defined HAVE_MEMORY_H
| #  include <memory.h>
| # endif
| # include <string.h>
| #endif
| #ifdef HAVE_STRINGS_H
| # include <strings.h>
| #endif
| #ifdef HAVE_INTTYPES_H
| # include <inttypes.h>
| #endif
| #ifdef HAVE_STDINT_H
| # include <stdint.h>
| #endif
| #ifdef HAVE_UNISTD_H
| # include <unistd.h>
| #endif
| int
| main ()
| {
| if (sizeof ((int_fast16_t)))
| 	    return 0;
|   ;
|   return 0;
| }
configure:34616: result: yes
configure:35725: checking for int_fast32_t
configure:35725: clang -c -g -O2  conftest.c >&5
configure:35725: $? = 0
configure:35725: clang -c -g -O2  conftest.c >&5
conftest.c:85:27: error: expected expression
if (sizeof ((int_fast32_t)))
                          ^
1 error generated.
configure:35725: $? = 1
configure: failed program was:
| /* confdefs.h */
| #define PACKAGE_NAME "dwmbar"
| #define PACKAGE_TARNAME "dwmbar"
| #define PACKAGE_VERSION "1.0.0"
| #define PACKAGE_STRING "dwmbar 1.0.0"
| #define PACKAGE_BUGREPORT ""
| #define PACKAGE_URL ""
| #define STDC_HEADERS 1
| #define HAVE_SYS_TYPES_H 1
| #define HAVE_SYS_STAT_H 1
| #define HAVE_STDLIB_H 1
| #define HAVE_STRING_H 1
| #define HAVE_MEMORY_H 1
| #define HAVE_STRINGS_H 1
| #define HAVE_INTTYPES_H 1
| #define HAVE_STDINT_H 1
| #define HAVE_UNISTD_H 1
| #define HAVE_ALSA_ASOUNDLIB_H 1
| #define HAVE_MPD_CLIENT_H 1
| #define HAVE_SIZE_T 1
| #define HAVE_TIME_T 1
| #define HAVE_FLOAT 1
| #define HAVE_DOUBLE 1
| #define HAVE_SIGNED_CHAR 1
| #define HAVE_UNSIGNED_CHAR 1
| #define HAVE_SIGNED_SHORT_INT 1
| #define HAVE_INT8_T 1
| #define HAVE_SIGNED_INT 1
| #define HAVE_INT16_T 1
| #define HAVE_SIGNED_LONG_INT 1
| #define HAVE_INT32_T 1
| #define HAVE_INTMAX_T 1
| #define HAVE_UNSIGNED_SHORT_INT 1
| #define HAVE_UINT8_T 1
| #define HAVE_UNSIGNED_INT 1
| #define HAVE_UINT16_T 1
| #define HAVE_UNSIGNED_LONG_INT 1
| #define HAVE_UINT32_T 1
| #define HAVE_UINTMAX_T 1
| #define HAVE_INT_LEAST8_T 1
| #define HAVE_INT_LEAST16_T 1
| #define HAVE_INT_LEAST32_T 1
| #define HAVE_UINT_LEAST8_T 1
| #define HAVE_UINT_LEAST16_T 1
| #define HAVE_UINT_LEAST32_T 1
| #define HAVE_INT_FAST8_T 1
| #define HAVE_INT_FAST16_T 1
| /* end confdefs.h.  */
| #include <stdio.h>
| #ifdef HAVE_SYS_TYPES_H
| # include <sys/types.h>
| #endif
| #ifdef HAVE_SYS_STAT_H
| # include <sys/stat.h>
| #endif
| #ifdef STDC_HEADERS
| # include <stdlib.h>
| # include <stddef.h>
| #else
| # ifdef HAVE_STDLIB_H
| #  include <stdlib.h>
| # endif
| #endif
| #ifdef HAVE_STRING_H
| # if !defined STDC_HEADERS && defined HAVE_MEMORY_H
| #  include <memory.h>
| # endif
| # include <string.h>
| #endif
| #ifdef HAVE_STRINGS_H
| # include <strings.h>
| #endif
| #ifdef HAVE_INTTYPES_H
| # include <inttypes.h>
| #endif
| #ifdef HAVE_STDINT_H
| # include <stdint.h>
| #endif
| #ifdef HAVE_UNISTD_H
| # include <unistd.h>
| #endif
| int
| main ()
| {
| if (sizeof ((int_fast32_t)))
| 	    return 0;
|   ;
|   return 0;
| }
configure:35725: result: yes
configure:36834: checking for uint_fast8_t
configure:36834: clang -c -g -O2  conftest.c >&5
configure:36834: $? = 0
configure:36834: clang -c -g -O2  conftest.c >&5
conftest.c:86:27: error: expected expression
if (sizeof ((uint_fast8_t)))
                          ^
1 error generated.
configure:36834: $? = 1
configure: failed program was:
| /* confdefs.h */
| #define PACKAGE_NAME "dwmbar"
| #define PACKAGE_TARNAME "dwmbar"
| #define PACKAGE_VERSION "1.0.0"
| #define PACKAGE_STRING "dwmbar 1.0.0"
| #define PACKAGE_BUGREPORT ""
| #define PACKAGE_URL ""
| #define STDC_HEADERS 1
| #define HAVE_SYS_TYPES_H 1
| #define HAVE_SYS_STAT_H 1
| #define HAVE_STDLIB_H 1
| #define HAVE_STRING_H 1
| #define HAVE_MEMORY_H 1
| #define HAVE_STRINGS_H 1
| #define HAVE_INTTYPES_H 1
| #define HAVE_STDINT_H 1
| #define HAVE_UNISTD_H 1
| #define HAVE_ALSA_ASOUNDLIB_H 1
| #define HAVE_MPD_CLIENT_H 1
| #define HAVE_SIZE_T 1
| #define HAVE_TIME_T 1
| #define HAVE_FLOAT 1
| #define HAVE_DOUBLE 1
| #define HAVE_SIGNED_CHAR 1
| #define HAVE_UNSIGNED_CHAR 1
| #define HAVE_SIGNED_SHORT_INT 1
| #define HAVE_INT8_T 1
| #define HAVE_SIGNED_INT 1
| #define HAVE_INT16_T 1
| #define HAVE_SIGNED_LONG_INT 1
| #define HAVE_INT32_T 1
| #define HAVE_INTMAX_T 1
| #define HAVE_UNSIGNED_SHORT_INT 1
| #define HAVE_UINT8_T 1
| #define HAVE_UNSIGNED_INT 1
| #define HAVE_UINT16_T 1
| #define HAVE_UNSIGNED_LONG_INT 1
| #define HAVE_UINT32_T 1
| #define HAVE_UINTMAX_T 1
| #define HAVE_INT_LEAST8_T 1
| #define HAVE_INT_LEAST16_T 1
| #define HAVE_INT_LEAST32_T 1
| #define HAVE_UINT_LEAST8_T 1
| #define HAVE_UINT_LEAST16_T 1
| #define HAVE_UINT_LEAST32_T 1
| #define HAVE_INT_FAST8_T 1
| #define HAVE_INT_FAST16_T 1
| #define HAVE_INT_FAST32_T 1
| /* end confdefs.h.  */
| #include <stdio.h>
| #ifdef HAVE_SYS_TYPES_H
| # include <sys/types.h>
| #endif
| #ifdef HAVE_SYS_STAT_H
| # include <sys/stat.h>
| #endif
| #ifdef STDC_HEADERS
| # include <stdlib.h>
| # include <stddef.h>
| #else
| # ifdef HAVE_STDLIB_H
| #  include <stdlib.h>
| # endif
| #endif
| #ifdef HAVE_STRING_H
| # if !defined STDC_HEADERS && defined HAVE_MEMORY_H
| #  include <memory.h>
| # endif
| # include <string.h>
| #endif
| #ifdef HAVE_STRINGS_H
| # include <strings.h>
| #endif
| #ifdef HAVE_INTTYPES_H
| # include <inttypes.h>
| #endif
| #ifdef HAVE_STDINT_H
| # include <stdint.h>
| #endif
| #ifdef HAVE_UNISTD_H
| # include <unistd.h>
| #endif
| int
| main ()
| {
| if (sizeof ((uint_fast8_t)))
| 	    return 0;
|   ;
|   return 0;
| }
configure:36834: result: yes
configure:37943: checking for uint_fast16_t
configure:37943: clang -c -g -O2  conftest.c >&5
configure:37943: $? = 0
configure:37943: clang -c -g -O2  conftest.c >&5
conftest.c:87:28: error: expected expression
if (sizeof ((uint_fast16_t)))
                           ^
1 error generated.
configure:37943: $? = 1
configure: failed program was:
| /* confdefs.h */
| #define PACKAGE_NAME "dwmbar"
| #define PACKAGE_TARNAME "dwmbar"
| #define PACKAGE_VERSION "1.0.0"
| #define PACKAGE_STRING "dwmbar 1.0.0"
| #define PACKAGE_BUGREPORT ""
| #define PACKAGE_URL ""
| #define STDC_HEADERS 1
| #define HAVE_SYS_TYPES_H 1
| #define HAVE_SYS_STAT_H 1
| #define HAVE_STDLIB_H 1
| #define HAVE_STRING_H 1
| #define HAVE_MEMORY_H 1
| #define HAVE_STRINGS_H 1
| #define HAVE_INTTYPES_H 1
| #define HAVE_STDINT_H 1
| #define HAVE_UNISTD_H 1
| #define HAVE_ALSA_ASOUNDLIB_H 1
| #define HAVE_MPD_CLIENT_H 1
| #define HAVE_SIZE_T 1
| #define HAVE_TIME_T 1
| #define HAVE_FLOAT 1
| #define HAVE_DOUBLE 1
| #define HAVE_SIGNED_CHAR 1
| #define HAVE_UNSIGNED_CHAR 1
| #define HAVE_SIGNED_SHORT_INT 1
| #define HAVE_INT8_T 1
| #define HAVE_SIGNED_INT 1
| #define HAVE_INT16_T 1
| #define HAVE_SIGNED_LONG_INT 1
| #define HAVE_INT32_T 1
| #define HAVE_INTMAX_T 1
| #define HAVE_UNSIGNED_SHORT_INT 1
| #define HAVE_UINT8_T 1
| #define HAVE_UNSIGNED_INT 1
| #define HAVE_UINT16_T 1
| #define HAVE_UNSIGNED_LONG_INT 1
| #define HAVE_UINT32_T 1
| #define HAVE_UINTMAX_T 1
| #define HAVE_INT_LEAST8_T 1
| #define HAVE_INT_LEAST16_T 1
| #define HAVE_INT_LEAST32_T 1
| #define HAVE_UINT_LEAST8_T 1
| #define HAVE_UINT_LEAST16_T 1
| #define HAVE_UINT_LEAST32_T 1
| #define HAVE_INT_FAST8_T 1
| #define HAVE_INT_FAST16_T 1
| #define HAVE_INT_FAST32_T 1
| #define HAVE_UINT_FAST8_T 1
| /* end confdefs.h.  */
| #include <stdio.h>
| #ifdef HAVE_SYS_TYPES_H
| # include <sys/types.h>
| #endif
| #ifdef HAVE_SYS_STAT_H
| # include <sys/stat.h>
| #endif
| #ifdef STDC_HEADERS
| # include <stdlib.h>
| # include <stddef.h>
| #else
| # ifdef HAVE_STDLIB_H
| #  include <stdlib.h>
| # endif
| #endif
| #ifdef HAVE_STRING_H
| # if !defined STDC_HEADERS && defined HAVE_MEMORY_H
| #  include <memory.h>
| # endif
| # include <string.h>
| #endif
| #ifdef HAVE_STRINGS_H
| # include <strings.h>
| #endif
| #ifdef HAVE_INTTYPES_H
| # include <inttypes.h>
| #endif
| #ifdef HAVE_STDINT_H
| # include <stdint.h>
| #endif
| #ifdef HAVE_UNISTD_H
| # include <unistd.h>
| #endif
| int
| main ()
| {
| if (sizeof ((uint_fast16_t)))
| 	    return 0;
|   ;
|   return 0;
| }
configure:37943: result: yes
configure:39052: checking for uint_fast32_t
  
configure:39052: clang -c -g -O2  conftest.c >&5
configure:39052: $? = 0
configure:39052: clang -c -g -O2  conftest.c >&5
conftest.c:89:4: error: expected expression
  )))
   ^
1 error generated.
configure:39052: $? = 1
configure: failed program was:
| /* confdefs.h */
| #define PACKAGE_NAME "dwmbar"
| #define PACKAGE_TARNAME "dwmbar"
| #define PACKAGE_VERSION "1.0.0"
| #define PACKAGE_STRING "dwmbar 1.0.0"
| #define PACKAGE_BUGREPORT ""
| #define PACKAGE_URL ""
| #define STDC_HEADERS 1
| #define HAVE_SYS_TYPES_H 1
| #define HAVE_SYS_STAT_H 1
| #define HAVE_STDLIB_H 1
| #define HAVE_STRING_H 1
| #define HAVE_MEMORY_H 1
| #define HAVE_STRINGS_H 1
| #define HAVE_INTTYPES_H 1
| #define HAVE_STDINT_H 1
| #define HAVE_UNISTD_H 1
| #define HAVE_ALSA_ASOUNDLIB_H 1
| #define HAVE_MPD_CLIENT_H 1
| #define HAVE_SIZE_T 1
| #define HAVE_TIME_T 1
| #define HAVE_FLOAT 1
| #define HAVE_DOUBLE 1
| #define HAVE_SIGNED_CHAR 1
| #define HAVE_UNSIGNED_CHAR 1
| #define HAVE_SIGNED_SHORT_INT 1
| #define HAVE_INT8_T 1
| #define HAVE_SIGNED_INT 1
| #define HAVE_INT16_T 1
| #define HAVE_SIGNED_LONG_INT 1
| #define HAVE_INT32_T 1
| #define HAVE_INTMAX_T 1
| #define HAVE_UNSIGNED_SHORT_INT 1
| #define HAVE_UINT8_T 1
| #define HAVE_UNSIGNED_INT 1
| #define HAVE_UINT16_T 1
| #define HAVE_UNSIGNED_LONG_INT 1
| #define HAVE_UINT32_T 1
| #define HAVE_UINTMAX_T 1
| #define HAVE_INT_LEAST8_T 1
| #define HAVE_INT_LEAST16_T 1
| #define HAVE_INT_LEAST32_T 1
| #define HAVE_UINT_LEAST8_T 1
| #define HAVE_UINT_LEAST16_T 1
| #define HAVE_UINT_LEAST32_T 1
| #define HAVE_INT_FAST8_T 1
| #define HAVE_INT_FAST16_T 1
| #define HAVE_INT_FAST32_T 1
| #define HAVE_UINT_FAST8_T 1
| #define HAVE_UINT_FAST16_T 1
| /* end confdefs.h.  */
| #include <stdio.h>
| #ifdef HAVE_SYS_TYPES_H
| # include <sys/types.h>
| #endif
| #ifdef HAVE_SYS_STAT_H
| # include <sys/stat.h>
| #endif
| #ifdef STDC_HEADERS
| # include <stdlib.h>
| # include <stddef.h>
| #else
| # ifdef HAVE_STDLIB_H
| #  include <stdlib.h>
| # endif
| #endif
| #ifdef HAVE_STRING_H
| # if !defined STDC_HEADERS && defined HAVE_MEMORY_H
| #  include <memory.h>
| # endif
| # include <string.h>
| #endif
| #ifdef HAVE_STRINGS_H
| # include <strings.h>
| #endif
| #ifdef HAVE_INTTYPES_H
| # include <inttypes.h>
| #endif
| #ifdef HAVE_STDINT_H
| # include <stdint.h>
| #endif
| #ifdef HAVE_UNISTD_H
| # include <unistd.h>
| #endif
| int
| main ()
| {
| if (sizeof ((uint_fast32_t
|   )))
| 	    return 0;
|   ;
|   return 0;
| }
configure:39052: result: yes
configure:40180: checking time.h usability
configure:40180: clang -c -g -O2  conftest.c >&5
configure:40180: $? = 0
configure:40180: result: yes
configure:40180: checking time.h presence
configure:40180: clang -E  conftest.c
configure:40180: $? = 0
configure:40180: result: yes
configure:40180: checking for time.h
configure:40180: result: yes
configure:40180: checking stdio.h usability
configure:40180: clang -c -g -O2  conftest.c >&5
configure:40180: $? = 0
configure:40180: result: yes
configure:40180: checking stdio.h presence
configure:40180: clang -E  conftest.c
configure:40180: $? = 0
configure:40180: result: yes
configure:40180: checking for stdio.h
configure:40180: result: yes
configure:40180: checking stdbool.h usability
configure:40180: clang -c -g -O2  conftest.c >&5
configure:40180: $? = 0
configure:40180: result: yes
configure:40180: checking stdbool.h presence
configure:40180: clang -E  conftest.c
configure:40180: $? = 0
configure:40180: result: yes
configure:40180: checking for stdbool.h
configure:40180: result: yes
configure:40180: checking for string.h
configure:40180: result: yes
configure:40180: checking for inttypes.h
configure:40180: result: yes
configure:40180: checking glob.h usability
configure:40180: clang -c -g -O2  conftest.c >&5
configure:40180: $? = 0
configure:40180: result: yes
configure:40180: checking glob.h presence
configure:40180: clang -E  conftest.c
configure:40180: $? = 0
configure:40180: result: yes
configure:40180: checking for glob.h
configure:40180: result: yes
configure:40180: checking sys/statvfs.h usability
configure:40180: clang -c -g -O2  conftest.c >&5
configure:40180: $? = 0
configure:40180: result: yes
configure:40180: checking sys/statvfs.h presence
configure:40180: clang -E  conftest.c
configure:40180: $? = 0
configure:40180: result: yes
configure:40180: checking for sys/statvfs.h
configure:40180: result: yes
configure:40180: checking sys/sysinfo.h usability
configure:40180: clang -c -g -O2  conftest.c >&5
configure:40180: $? = 0
configure:40180: result: yes
configure:40180: checking sys/sysinfo.h presence
configure:40180: clang -E  conftest.c
configure:40180: $? = 0
configure:40180: result: yes
configure:40180: checking for sys/sysinfo.h
configure:40180: result: yes
configure:40180: checking sys/utsname.h usability
configure:40180: clang -c -g -O2  conftest.c >&5
configure:40180: $? = 0
configure:40180: result: yes
configure:40180: checking sys/utsname.h presence
configure:40180: clang -E  conftest.c
configure:40180: $? = 0
configure:40180: result: yes
configure:40180: checking for sys/utsname.h
configure:40180: result: yes
configure:40180: checking for unistd.h
configure:40180: result: yes
configure:40180: checking getopt.h usability
configure:40180: clang -c -g -O2  conftest.c >&5
configure:40180: $? = 0
configure:40180: result: yes
configure:40180: checking getopt.h presence
configure:40180: clang -E  conftest.c
configure:40180: $? = 0
configure:40180: result: yes
configure:40180: checking for getopt.h
configure:40180: result: yes
configure:40221: checking for memset
configure:40221: clang -o conftest -g -O2   conftest.c  >&5
conftest.c:87:6: warning: incompatible redeclaration of library function 'memset' [-Wincompatible-library-redeclaration]
char memset ();
     ^
conftest.c:87:6: note: 'memset' is a builtin with type 'void *(void *, int, unsigned long)'
1 warning generated.
configure:40221: $? = 0
configure:40221: result: yes
configure:40221: checking for printf
configure:40221: clang -o conftest -g -O2   conftest.c  >&5
conftest.c:88:6: warning: incompatible redeclaration of library function 'printf' [-Wincompatible-library-redeclaration]
char printf ();
     ^
conftest.c:88:6: note: 'printf' is a builtin with type 'int (const char *, ...)'
1 warning generated.
configure:40221: $? = 0
configure:40221: result: yes
configure:40221: checking for snprintf
configure:40221: clang -o conftest -g -O2   conftest.c  >&5
conftest.c:89:6: warning: incompatible redeclaration of library function 'snprintf' [-Wincompatible-library-redeclaration]
char snprintf ();
     ^
conftest.c:89:6: note: 'snprintf' is a builtin with type 'int (char *, unsigned long, const char *, ...)'
1 warning generated.
configure:40221: $? = 0
configure:40221: result: yes
configure:40221: checking for nanosleep
configure:40221: clang -o conftest -g -O2   conftest.c  >&5
configure:40221: $? = 0
configure:40221: result: yes
configure:40221: checking for sysconf
configure:40221: clang -o conftest -g -O2   conftest.c  >&5
configure:40221: $? = 0
configure:40221: result: yes
configure:40221: checking for sysinfo
configure:40221: clang -o conftest -g -O2   conftest.c  >&5
configure:40221: $? = 0
configure:40221: result: yes
configure:40221: checking for strcmp
configure:40221: clang -o conftest -g -O2   conftest.c  >&5
conftest.c:93:6: warning: incompatible redeclaration of library function 'strcmp' [-Wincompatible-library-redeclaration]
char strcmp ();
     ^
conftest.c:93:6: note: 'strcmp' is a builtin with type 'int (const char *, const char *)'
1 warning generated.
configure:40221: $? = 0
configure:40221: result: yes
configure:40221: checking for fscanf
configure:40221: clang -o conftest -g -O2   conftest.c  >&5
conftest.c:94:6: warning: declaration of built-in function 'fscanf' requires inclusion of the header <stdio.h> [-Wbuiltin-requires-header]
char fscanf ();
     ^
conftest.c:105:16: warning: format string missing [-Wformat]
return fscanf ();
       ~~~~~~  ^
2 warnings generated.
configure:40221: $? = 0
configure:40221: result: yes
configure:40221: checking for fclose
configure:40221: clang -o conftest -g -O2   conftest.c  >&5
configure:40221: $? = 0
configure:40221: result: yes
configure:40221: checking for fopen
configure:40221: clang -o conftest -g -O2   conftest.c  >&5
configure:40221: $? = 0
configure:40221: result: yes
configure:40221: checking for statvfs
configure:40221: clang -o conftest -g -O2   conftest.c  >&5
configure:40221: $? = 0
configure:40221: result: yes
configure:40221: checking for getenv
configure:40221: clang -o conftest -g -O2   conftest.c  >&5
configure:40221: $? = 0
configure:40221: result: yes
configure:40221: checking for glob
configure:40221: clang -o conftest -g -O2   conftest.c  >&5
configure:40221: $? = 0
configure:40221: result: yes
configure:40221: checking for globfree
configure:40221: clang -o conftest -g -O2   conftest.c  >&5
configure:40221: $? = 0
configure:40221: result: yes
configure:40221: checking for popen
configure:40221: clang -o conftest -g -O2   conftest.c  >&5
configure:40221: $? = 0
configure:40221: result: yes
configure:40221: checking for uname
configure:40221: clang -o conftest -g -O2   conftest.c  >&5
configure:40221: $? = 0
configure:40221: result: yes
configure:40221: checking for strftime
configure:40221: clang -o conftest -g -O2   conftest.c  >&5
configure:40221: $? = 0
configure:40221: result: yes
configure:40221: checking for exit
configure:40221: clang -o conftest -g -O2   conftest.c  >&5
conftest.c:104:6: warning: incompatible redeclaration of library function 'exit' [-Wincompatible-library-redeclaration]
char exit ();
     ^
conftest.c:104:6: note: 'exit' is a builtin with type 'void (int) __attribute__((noreturn))'
1 warning generated.
configure:40221: $? = 0
configure:40221: result: yes
configure:40221: checking for getopt
configure:40221: clang -o conftest -g -O2   conftest.c  >&5
configure:40221: $? = 0
configure:40221: result: yes
configure:40221: checking for getopt_long
configure:40221: clang -o conftest -g -O2   conftest.c  >&5
configure:40221: $? = 0
configure:40221: result: yes
configure:40387: checking that generated files are newer than configure
configure:40393: result: done
configure:40416: creating ./config.status

## ---------------------- ##
## Running config.status. ##
## ---------------------- ##

This file was extended by dwmbar config.status 1.0.0, which was
generated by GNU Autoconf 2.69.  Invocation command line was

  CONFIG_FILES    = 
  CONFIG_HEADERS  = 
  CONFIG_LINKS    = 
  CONFIG_COMMANDS = 
  $ ./config.status 

on localhost

config.status:791: creating Makefile
config.status:791: creating src/Makefile
config.status:963: executing depfiles commands

## ---------------- ##
## Cache variables. ##
## ---------------- ##

ac_cv_c_compiler_gnu=yes
ac_cv_c_const=yes
ac_cv_env_CC_set=
ac_cv_env_CC_value=
ac_cv_env_CFLAGS_set=
ac_cv_env_CFLAGS_value=
ac_cv_env_CPPFLAGS_set=
ac_cv_env_CPPFLAGS_value=
ac_cv_env_CPP_set=
ac_cv_env_CPP_value=
ac_cv_env_LDFLAGS_set=
ac_cv_env_LDFLAGS_value=
ac_cv_env_LIBS_set=
ac_cv_env_LIBS_value=
ac_cv_env_build_alias_set=
ac_cv_env_build_alias_value=
ac_cv_env_host_alias_set=
ac_cv_env_host_alias_value=
ac_cv_env_icons_set=set
ac_cv_env_icons_value=/home/frost/.xmonad/icons
ac_cv_env_target_alias_set=
ac_cv_env_target_alias_value=
ac_cv_func_exit=yes
ac_cv_func_fclose=yes
ac_cv_func_fopen=yes
ac_cv_func_fscanf=yes
ac_cv_func_getenv=yes
ac_cv_func_getopt=yes
ac_cv_func_getopt_long=yes
ac_cv_func_glob=yes
ac_cv_func_globfree=yes
ac_cv_func_memset=yes
ac_cv_func_nanosleep=yes
ac_cv_func_popen=yes
ac_cv_func_printf=yes
ac_cv_func_snprintf=yes
ac_cv_func_statvfs=yes
ac_cv_func_strcmp=yes
ac_cv_func_strftime=yes
ac_cv_func_sysconf=yes
ac_cv_func_sysinfo=yes
ac_cv_func_uname=yes
ac_cv_header_alsa_asoundlib_h=yes
ac_cv_header_getopt_h=yes
ac_cv_header_glob_h=yes
ac_cv_header_inttypes_h=yes
ac_cv_header_memory_h=yes
ac_cv_header_mpd_client_h=yes
ac_cv_header_stdbool_h=yes
ac_cv_header_stdc=yes
ac_cv_header_stdint_h=yes
ac_cv_header_stdio_h=yes
ac_cv_header_stdlib_h=yes
ac_cv_header_string_h=yes
ac_cv_header_strings_h=yes
ac_cv_header_sys_stat_h=yes
ac_cv_header_sys_statvfs_h=yes
ac_cv_header_sys_sysinfo_h=yes
ac_cv_header_sys_types_h=yes
ac_cv_header_sys_utsname_h=yes
ac_cv_header_time_h=yes
ac_cv_header_unistd_h=yes
ac_cv_objext=o
ac_cv_path_EGREP='/bin/grep -E'
ac_cv_path_GREP=/bin/grep
ac_cv_path_install='/usr/bin/install -c'
ac_cv_path_mkdir=/bin/mkdir
ac_cv_prog_AWK=gawk
ac_cv_prog_CPP='clang -E'
ac_cv_prog_ac_ct_CC=clang
ac_cv_prog_cc_c89=
ac_cv_prog_cc_c99=
ac_cv_prog_cc_g=yes
ac_cv_prog_make_make_set=yes
ac_cv_type_double=yes
ac_cv_type_float=yes
ac_cv_type_int16_t=yes
ac_cv_type_int32_t=yes
ac_cv_type_int8_t=yes
ac_cv_type_int_fast16_t=yes
ac_cv_type_int_fast32_t=yes
ac_cv_type_int_fast8_t=yes
ac_cv_type_int_least16_t=yes
ac_cv_type_int_least32_t=yes
ac_cv_type_int_least8_t=yes
ac_cv_type_intmax_t=yes
ac_cv_type_signed_char=yes
ac_cv_type_signed_int=yes
ac_cv_type_signed_long_int=yes
ac_cv_type_signed_short_int=yes
ac_cv_type_size_t=yes
ac_cv_type_time_t=yes
ac_cv_type_uint16_t=yes
ac_cv_type_uint32_t=yes
ac_cv_type_uint8_t=yes
ac_cv_type_uint_fast16_t=yes
ac_cv_type_uint_fast32_t___=yes
ac_cv_type_uint_fast8_t=yes
ac_cv_type_uint_least16_t=yes
ac_cv_type_uint_least32_t=yes
ac_cv_type_uint_least8_t=yes
ac_cv_type_uintmax_t=yes
ac_cv_type_unsigned_char=yes
ac_cv_type_unsigned_int=yes
ac_cv_type_unsigned_long_int=yes
ac_cv_type_unsigned_short_int=yes
am_cv_CC_dependencies_compiler_type=gcc3
am_cv_make_support_nested_variables=yes
am_cv_prog_cc_c_o=yes

## ----------------- ##
## Output variables. ##
## ----------------- ##

ACLOCAL='${SHELL} /home/frost/dwm-bar/temp_dir/missing aclocal-1.15'
ALSA_LIBS='-lasound'
AMDEPBACKSLASH='\'
AMDEP_FALSE='#'
AMDEP_TRUE=''
AMTAR='$${TAR-tar}'
AM_BACKSLASH='\'
AM_DEFAULT_V='$(AM_DEFAULT_VERBOSITY)'
AM_DEFAULT_VERBOSITY='0'
AM_V='$(V)'
AUTOCONF='${SHELL} /home/frost/dwm-bar/temp_dir/missing autoconf'
AUTOHEADER='${SHELL} /home/frost/dwm-bar/temp_dir/missing autoheader'
AUTOMAKE='${SHELL} /home/frost/dwm-bar/temp_dir/missing automake-1.15'
AWK='gawk'
CC='clang'
CCDEPMODE='depmode=gcc3'
CFLAGS='-g -O2'
CPP='clang -E'
CPPFLAGS=''
CYGPATH_W='echo'
DEFS='-DPACKAGE_NAME=\"dwmbar\" -DPACKAGE_TARNAME=\"dwmbar\" -DPACKAGE_VERSION=\"1.0.0\" -DPACKAGE_STRING=\"dwmbar\ 1.0.0\" -DPACKAGE_BUGREPORT=\"\" -DPACKAGE_URL=\"\" -DSTDC_HEADERS=1 -DHAVE_SYS_TYPES_H=1 -DHAVE_SYS_STAT_H=1 -DHAVE_STDLIB_H=1 -DHAVE_STRING_H=1 -DHAVE_MEMORY_H=1 -DHAVE_STRINGS_H=1 -DHAVE_INTTYPES_H=1 -DHAVE_STDINT_H=1 -DHAVE_UNISTD_H=1 -DHAVE_ALSA_ASOUNDLIB_H=1 -DHAVE_MPD_CLIENT_H=1 -DHAVE_SIZE_T=1 -DHAVE_TIME_T=1 -DHAVE_FLOAT=1 -DHAVE_DOUBLE=1 -DHAVE_SIGNED_CHAR=1 -DHAVE_UNSIGNED_CHAR=1 -DHAVE_SIGNED_SHORT_INT=1 -DHAVE_INT8_T=1 -DHAVE_SIGNED_INT=1 -DHAVE_INT16_T=1 -DHAVE_SIGNED_LONG_INT=1 -DHAVE_INT32_T=1 -DHAVE_INTMAX_T=1 -DHAVE_UNSIGNED_SHORT_INT=1 -DHAVE_UINT8_T=1 -DHAVE_UNSIGNED_INT=1 -DHAVE_UINT16_T=1 -DHAVE_UNSIGNED_LONG_INT=1 -DHAVE_UINT32_T=1 -DHAVE_UINTMAX_T=1 -DHAVE_INT_LEAST8_T=1 -DHAVE_INT_LEAST16_T=1 -DHAVE_INT_LEAST32_T=1 -DHAVE_UINT_LEAST8_T=1 -DHAVE_UINT_LEAST16_T=1 -DHAVE_UINT_LEAST32_T=1 -DHAVE_INT_FAST8_T=1 -DHAVE_INT_FAST16_T=1 -DHAVE_INT_FAST32_T=1 -DHAVE_UINT_FAST8_T=1 -DHAVE_UINT_FAST16_T=1 -DHAVE_UINT_FAST32_T___=1 -DHAVE_TIME_H=1 -DHAVE_STDIO_H=1 -DHAVE_STDBOOL_H=1 -DHAVE_STRING_H=1 -DHAVE_INTTYPES_H=1 -DHAVE_GLOB_H=1 -DHAVE_SYS_STATVFS_H=1 -DHAVE_SYS_SYSINFO_H=1 -DHAVE_SYS_UTSNAME_H=1 -DHAVE_UNISTD_H=1 -DHAVE_GETOPT_H=1 -DHAVE_MEMSET=1 -DHAVE_PRINTF=1 -DHAVE_SNPRINTF=1 -DHAVE_NANOSLEEP=1 -DHAVE_SYSCONF=1 -DHAVE_SYSINFO=1 -DHAVE_STRCMP=1 -DHAVE_FSCANF=1 -DHAVE_FCLOSE=1 -DHAVE_FOPEN=1 -DHAVE_STATVFS=1 -DHAVE_GETENV=1 -DHAVE_GLOB=1 -DHAVE_GLOBFREE=1 -DHAVE_POPEN=1 -DHAVE_UNAME=1 -DHAVE_STRFTIME=1 -DHAVE_EXIT=1 -DHAVE_GETOPT=1 -DHAVE_GETOPT_LONG=1'
DEPDIR='.deps'
ECHO_C=''
ECHO_N='-n'
ECHO_T=''
EGREP='/bin/grep -E'
EXEEXT=''
GREP='/bin/grep'
ICONZ='/home/frost/.xmonad/icons'
INSTALL_DATA='${INSTALL} -m 644'
INSTALL_PROGRAM='${INSTALL}'
INSTALL_SCRIPT='${INSTALL}'
INSTALL_STRIP_PROGRAM='$(install_sh) -c -s'
LDFLAGS=''
LIBOBJS=''
LIBS=''
LTLIBOBJS=''
MAKEINFO='${SHELL} /home/frost/dwm-bar/temp_dir/missing makeinfo'
MKDIR_P='/bin/mkdir -p'
MPD_LIBS='-lmpdclient'
OBJEXT='o'
PACKAGE='dwmbar'
PACKAGE_BUGREPORT=''
PACKAGE_NAME='dwmbar'
PACKAGE_STRING='dwmbar 1.0.0'
PACKAGE_TARNAME='dwmbar'
PACKAGE_URL=''
PACKAGE_VERSION='1.0.0'
PATH_SEPARATOR=':'
SET_MAKE=''
SHELL='/bin/sh'
STRIP=''
VERSION='1.0.0'
WITH_COLOURS=''
X_LIBS=''
ac_ct_CC='clang'
am__EXEEXT_FALSE=''
am__EXEEXT_TRUE='#'
am__fastdepCC_FALSE='#'
am__fastdepCC_TRUE=''
am__include='include'
am__isrc=''
am__leading_dot='.'
am__nodep='_no'
am__quote=''
am__tar='$${TAR-tar} chof - "$$tardir"'
am__untar='$${TAR-tar} xf -'
bindir='${exec_prefix}/bin'
build_alias=''
datadir='${datarootdir}'
datarootdir='${prefix}/share'
docdir='${datarootdir}/doc/${PACKAGE_TARNAME}'
dvidir='${docdir}'
exec_prefix='${prefix}'
host_alias=''
htmldir='${docdir}'
icons='/home/frost/.xmonad/icons'
includedir='${prefix}/include'
infodir='${datarootdir}/info'
install_sh='${SHELL} /home/frost/dwm-bar/temp_dir/install-sh'
libdir='${exec_prefix}/lib'
libexecdir='${exec_prefix}/libexec'
localedir='${datarootdir}/locale'
localstatedir='${prefix}/var'
mandir='${datarootdir}/man'
mkdir_p='$(MKDIR_P)'
oldincludedir='/usr/include'
pdfdir='${docdir}'
prefix='/home/frost/.cache'
program_transform_name='s,x,x,'
psdir='${docdir}'
sbindir='${exec_prefix}/sbin'
sharedstatedir='${prefix}/com'
sysconfdir='${prefix}/etc'
target_alias=''

## ----------- ##
## confdefs.h. ##
## ----------- ##

/* confdefs.h */
#define PACKAGE_NAME "dwmbar"
#define PACKAGE_TARNAME "dwmbar"
#define PACKAGE_VERSION "1.0.0"
#define PACKAGE_STRING "dwmbar 1.0.0"
#define PACKAGE_BUGREPORT ""
#define PACKAGE_URL ""
#define STDC_HEADERS 1
#define HAVE_SYS_TYPES_H 1
#define HAVE_SYS_STAT_H 1
#define HAVE_STDLIB_H 1
#define HAVE_STRING_H 1
#define HAVE_MEMORY_H 1
#define HAVE_STRINGS_H 1
#define HAVE_INTTYPES_H 1
#define HAVE_STDINT_H 1
#define HAVE_UNISTD_H 1
#define HAVE_ALSA_ASOUNDLIB_H 1
#define HAVE_MPD_CLIENT_H 1
#define HAVE_SIZE_T 1
#define HAVE_TIME_T 1
#define HAVE_FLOAT 1
#define HAVE_DOUBLE 1
#define HAVE_SIGNED_CHAR 1
#define HAVE_UNSIGNED_CHAR 1
#define HAVE_SIGNED_SHORT_INT 1
#define HAVE_INT8_T 1
#define HAVE_SIGNED_INT 1
#define HAVE_INT16_T 1
#define HAVE_SIGNED_LONG_INT 1
#define HAVE_INT32_T 1
#define HAVE_INTMAX_T 1
#define HAVE_UNSIGNED_SHORT_INT 1
#define HAVE_UINT8_T 1
#define HAVE_UNSIGNED_INT 1
#define HAVE_UINT16_T 1
#define HAVE_UNSIGNED_LONG_INT 1
#define HAVE_UINT32_T 1
#define HAVE_UINTMAX_T 1
#define HAVE_INT_LEAST8_T 1
#define HAVE_INT_LEAST16_T 1
#define HAVE_INT_LEAST32_T 1
#define HAVE_UINT_LEAST8_T 1
#define HAVE_UINT_LEAST16_T 1
#define HAVE_UINT_LEAST32_T 1
#define HAVE_INT_FAST8_T 1
#define HAVE_INT_FAST16_T 1
#define HAVE_INT_FAST32_T 1
#define HAVE_UINT_FAST8_T 1
#define HAVE_UINT_FAST16_T 1
#define HAVE_UINT_FAST32_T___ 1
#define HAVE_TIME_H 1
#define HAVE_STDIO_H 1
#define HAVE_STDBOOL_H 1
#define HAVE_STRING_H 1
#define HAVE_INTTYPES_H 1
#define HAVE_GLOB_H 1
#define HAVE_SYS_STATVFS_H 1
#define HAVE_SYS_SYSINFO_H 1
#define HAVE_SYS_UTSNAME_H 1
#define HAVE_UNISTD_H 1
#define HAVE_GETOPT_H 1
#define HAVE_MEMSET 1
#define HAVE_PRINTF 1
#define HAVE_SNPRINTF 1
#define HAVE_NANOSLEEP 1
#define HAVE_SYSCONF 1
#define HAVE_SYSINFO 1
#define HAVE_STRCMP 1
#define HAVE_FSCANF 1
#define HAVE_FCLOSE 1
#define HAVE_FOPEN 1
#define HAVE_STATVFS 1
#define HAVE_GETENV 1
#define HAVE_GLOB 1
#define HAVE_GLOBFREE 1
#define HAVE_POPEN 1
#define HAVE_UNAME 1
#define HAVE_STRFTIME 1
#define HAVE_EXIT 1
#define HAVE_GETOPT 1
#define HAVE_GETOPT_LONG 1

configure: exit 0
